Detecting C OpenMP compiler ABI info compiled with the following output:
Change Dir: '/home/frankgon/ros2_ws/src/groundgrid/build/CMakeFiles/CMakeTmp'

Run Build Command(s): /home/frankgon/miniforge3/envs/ros_env/bin/ninja -v cmTC_9d371
[1/2] /home/frankgon/miniforge3/envs/ros_env/bin/gcc   -march=nocona -mtune=haswell -ftree-vectorize -fPIC -fstack-protector-strong -fno-plt -O2 -ffunction-sections -pipe -isystem /home/frankgon/miniforge3/envs/ros_env/include -fopenmp -v -o CMakeFiles/cmTC_9d371.dir/OpenMPTryFlag.c.o -c /home/frankgon/ros2_ws/src/groundgrid/build/CMakeFiles/FindOpenMP/OpenMPTryFlag.c
Reading specs from /home/frankgon/miniforge3/envs/ros_env/bin/../lib/gcc/x86_64-conda-linux-gnu/13.3.0/specs
could not find specs file conda.specs
COLLECT_GCC=/home/frankgon/miniforge3/envs/ros_env/bin/gcc
Target: x86_64-conda-linux-gnu
Configured with: ../configure --prefix=/home/conda/feedstock_root/build_artifacts/gcc_compilers_1724798720716/_h_env_placehold_placehold_placehold_placehold_placehold_placehold_placehold_placehold_placehold_placehold_placehold_placehold_placehold_placehold_placehold_placehold_placehold_placeho --with-slibdir=/home/conda/feedstock_root/build_artifacts/gcc_compilers_1724798720716/_h_env_placehold_placehold_placehold_placehold_placehold_placehold_placehold_placehold_placehold_placehold_placehold_placehold_placehold_placehold_placehold_placehold_placehold_placeho/lib --libdir=/home/conda/feedstock_root/build_artifacts/gcc_compilers_1724798720716/_h_env_placehold_placehold_placehold_placehold_placehold_placehold_placehold_placehold_placehold_placehold_placehold_placehold_placehold_placehold_placehold_placehold_placehold_placeho/lib --mandir=/home/conda/feedstock_root/build_artifacts/gcc_compilers_1724798720716/_h_env_placehold_placehold_placehold_placehold_placehold_placehold_placehold_placehold_placehold_placehold_placehold_placehold_placehold_placehold_placehold_placehold_placehold_placeho/man --build=x86_64-conda-linux-gnu --host=x86_64-conda-linux-gnu --target=x86_64-conda-linux-gnu --enable-languages=c,c++,fortran,objc,obj-c++ --enable-__cxa_atexit --disable-libmudflap --enable-libgomp --disable-libssp --enable-libquadmath --enable-libquadmath-support --enable-lto --enable-target-optspace --enable-plugin --enable-gold --disable-nls --disable-bootstrap --disable-multilib --enable-long-long --with-sysroot=/home/conda/feedstock_root/build_artifacts/gcc_compilers_1724798720716/_h_env_placehold_placehold_placehold_placehold_placehold_placehold_placehold_placehold_placehold_placehold_placehold_placehold_placehold_placehold_placehold_placehold_placehold_placeho/x86_64-conda-linux-gnu/sysroot --with-build-sysroot=/home/conda/feedstock_root/build_artifacts/gcc_compilers_1724798720716/work/cf-compilers/x86_64-conda-linux-gnu/sysroot --with-native-system-header-dir=/usr/include --with-gxx-include-dir=/home/conda/feedstock_root/build_artifacts/gcc_compilers_1724798720716/_h_env_placehold_placehold_placehold_placehold_placehold_placehold_placehold_placehold_placehold_placehold_placehold_placehold_placehold_placehold_placehold_placehold_placehold_placeho/lib/gcc/x86_64-conda-linux-gnu/13.3.0/include/c++ --with-pkgversion='conda-forge gcc 13.3.0-1' --with-bugurl=https://github.com/conda-forge/ctng-compilers-feedstock/issues/new/choose --enable-libsanitizer --enable-default-pie --enable-threads=posix
Thread model: posix
Supported LTO compression algorithms: zlib
gcc version 13.3.0 (conda-forge gcc 13.3.0-1) 
COLLECT_GCC_OPTIONS='-march=nocona' '-mtune=haswell' '-ftree-vectorize' '-fPIC' '-fstack-protector-strong' '-fno-plt' '-O2' '-ffunction-sections' '-pipe' '-isystem' '/home/frankgon/miniforge3/envs/ros_env/include' '-fopenmp' '-v' '-o' 'CMakeFiles/cmTC_9d371.dir/OpenMPTryFlag.c.o' '-c' '-pthread' '-dumpdir' 'CMakeFiles/cmTC_9d371.dir/'
 /home/frankgon/miniforge3/envs/ros_env/bin/../libexec/gcc/x86_64-conda-linux-gnu/13.3.0/cc1 -quiet -v -iprefix /home/frankgon/miniforge3/envs/ros_env/bin/../lib/gcc/x86_64-conda-linux-gnu/13.3.0/ -isysroot /home/frankgon/miniforge3/envs/ros_env/bin/../x86_64-conda-linux-gnu/sysroot -D_REENTRANT -isystem /home/frankgon/miniforge3/envs/ros_env/include /home/frankgon/ros2_ws/src/groundgrid/build/CMakeFiles/FindOpenMP/OpenMPTryFlag.c -quiet -dumpdir CMakeFiles/cmTC_9d371.dir/ -dumpbase OpenMPTryFlag.c.c -dumpbase-ext .c -march=nocona -mtune=haswell -O2 -version -ftree-vectorize -fPIC -fstack-protector-strong -fno-plt -ffunction-sections -fopenmp -o - |
 /home/frankgon/miniforge3/envs/ros_env/bin/../lib/gcc/x86_64-conda-linux-gnu/13.3.0/../../../../x86_64-conda-linux-gnu/bin/as -v --64 -o CMakeFiles/cmTC_9d371.dir/OpenMPTryFlag.c.o
GNU assembler version 2.43 (x86_64-conda-linux-gnu) using BFD version (GNU Binutils) 2.43
GNU C17 (conda-forge gcc 13.3.0-1) version 13.3.0 (x86_64-conda-linux-gnu)
	compiled by GNU C version 14.1.0, GMP version 6.2.1, MPFR version 4.1.0, MPC version 1.2.1, isl version isl-0.24-GMP

GGC heuristics: --param ggc-min-expand=100 --param ggc-min-heapsize=131072
ignoring nonexistent directory "/home/frankgon/miniforge3/envs/ros_env/bin/../lib/gcc/x86_64-conda-linux-gnu/13.3.0/../../../../x86_64-conda-linux-gnu/include"
ignoring duplicate directory "/home/frankgon/miniforge3/envs/ros_env/bin/../lib/gcc/../../lib/gcc/x86_64-conda-linux-gnu/13.3.0/include"
ignoring nonexistent directory "/home/frankgon/miniforge3/envs/ros_env/bin/../x86_64-conda-linux-gnu/sysroot/usr/local/include"
ignoring duplicate directory "/home/frankgon/miniforge3/envs/ros_env/bin/../lib/gcc/../../lib/gcc/x86_64-conda-linux-gnu/13.3.0/include-fixed"
ignoring nonexistent directory "/home/frankgon/miniforge3/envs/ros_env/bin/../lib/gcc/../../lib/gcc/x86_64-conda-linux-gnu/13.3.0/../../../../x86_64-conda-linux-gnu/include"
#include "..." search starts here:
#include <...> search starts here:
 /home/frankgon/miniforge3/envs/ros_env/include
 /home/frankgon/miniforge3/envs/ros_env/bin/../lib/gcc/x86_64-conda-linux-gnu/13.3.0/include
 /home/frankgon/miniforge3/envs/ros_env/bin/../lib/gcc/x86_64-conda-linux-gnu/13.3.0/include-fixed
 /home/frankgon/miniforge3/envs/ros_env/bin/../x86_64-conda-linux-gnu/sysroot/usr/include
End of search list.
Compiler executable checksum: cfc6d60748a3f63fbd009e7e88e803d9
COMPILER_PATH=/home/frankgon/miniforge3/envs/ros_env/bin/../libexec/gcc/x86_64-conda-linux-gnu/13.3.0/:/home/frankgon/miniforge3/envs/ros_env/bin/../libexec/gcc/:/home/frankgon/miniforge3/envs/ros_env/bin/../lib/gcc/x86_64-conda-linux-gnu/13.3.0/../../../../x86_64-conda-linux-gnu/bin/
LIBRARY_PATH=/home/frankgon/miniforge3/envs/ros_env/bin/../lib/gcc/x86_64-conda-linux-gnu/13.3.0/:/home/frankgon/miniforge3/envs/ros_env/bin/../lib/gcc/:/home/frankgon/miniforge3/envs/ros_env/bin/../lib/gcc/x86_64-conda-linux-gnu/13.3.0/../../../../x86_64-conda-linux-gnu/lib/../lib/:/home/frankgon/miniforge3/envs/ros_env/bin/../lib/gcc/x86_64-conda-linux-gnu/13.3.0/../../../../lib/:/home/frankgon/miniforge3/envs/ros_env/bin/../x86_64-conda-linux-gnu/sysroot/lib/../lib/:/home/frankgon/miniforge3/envs/ros_env/bin/../x86_64-conda-linux-gnu/sysroot/usr/lib/../lib/:/home/frankgon/miniforge3/envs/ros_env/bin/../lib/gcc/x86_64-conda-linux-gnu/13.3.0/../../../../x86_64-conda-linux-gnu/lib/:/home/frankgon/miniforge3/envs/ros_env/bin/../lib/gcc/x86_64-conda-linux-gnu/13.3.0/../../../:/home/frankgon/miniforge3/envs/ros_env/bin/../x86_64-conda-linux-gnu/sysroot/lib/:/home/frankgon/miniforge3/envs/ros_env/bin/../x86_64-conda-linux-gnu/sysroot/usr/lib/
COLLECT_GCC_OPTIONS='-march=nocona' '-mtune=haswell' '-ftree-vectorize' '-fPIC' '-fstack-protector-strong' '-fno-plt' '-O2' '-ffunction-sections' '-pipe' '-isystem' '/home/frankgon/miniforge3/envs/ros_env/include' '-fopenmp' '-v' '-o' 'CMakeFiles/cmTC_9d371.dir/OpenMPTryFlag.c.o' '-c' '-pthread' '-dumpdir' 'CMakeFiles/cmTC_9d371.dir/OpenMPTryFlag.c.'
[2/2] : && /home/frankgon/miniforge3/envs/ros_env/bin/gcc -march=nocona -mtune=haswell -ftree-vectorize -fPIC -fstack-protector-strong -fno-plt -O2 -ffunction-sections -pipe -isystem /home/frankgon/miniforge3/envs/ros_env/include -fopenmp -v -Wl,-O2 -Wl,--sort-common -Wl,--as-needed -Wl,-z,relro -Wl,-z,now -Wl,--disable-new-dtags -Wl,--gc-sections -Wl,--allow-shlib-undefined -Wl,-rpath,/home/frankgon/miniforge3/envs/ros_env/lib -Wl,-rpath-link,/home/frankgon/miniforge3/envs/ros_env/lib -L/home/frankgon/miniforge3/envs/ros_env/lib CMakeFiles/cmTC_9d371.dir/OpenMPTryFlag.c.o -o cmTC_9d371  -v && :
Reading specs from /home/frankgon/miniforge3/envs/ros_env/bin/../lib/gcc/x86_64-conda-linux-gnu/13.3.0/specs
could not find specs file conda.specs
COLLECT_GCC=/home/frankgon/miniforge3/envs/ros_env/bin/gcc
COLLECT_LTO_WRAPPER=/home/frankgon/miniforge3/envs/ros_env/bin/../libexec/gcc/x86_64-conda-linux-gnu/13.3.0/lto-wrapper
Target: x86_64-conda-linux-gnu
Configured with: ../configure --prefix=/home/conda/feedstock_root/build_artifacts/gcc_compilers_1724798720716/_h_env_placehold_placehold_placehold_placehold_placehold_placehold_placehold_placehold_placehold_placehold_placehold_placehold_placehold_placehold_placehold_placehold_placehold_placeho --with-slibdir=/home/conda/feedstock_root/build_artifacts/gcc_compilers_1724798720716/_h_env_placehold_placehold_placehold_placehold_placehold_placehold_placehold_placehold_placehold_placehold_placehold_placehold_placehold_placehold_placehold_placehold_placehold_placeho/lib --libdir=/home/conda/feedstock_root/build_artifacts/gcc_compilers_1724798720716/_h_env_placehold_placehold_placehold_placehold_placehold_placehold_placehold_placehold_placehold_placehold_placehold_placehold_placehold_placehold_placehold_placehold_placehold_placeho/lib --mandir=/home/conda/feedstock_root/build_artifacts/gcc_compilers_1724798720716/_h_env_placehold_placehold_placehold_placehold_placehold_placehold_placehold_placehold_placehold_placehold_placehold_placehold_placehold_placehold_placehold_placehold_placehold_placeho/man --build=x86_64-conda-linux-gnu --host=x86_64-conda-linux-gnu --target=x86_64-conda-linux-gnu --enable-languages=c,c++,fortran,objc,obj-c++ --enable-__cxa_atexit --disable-libmudflap --enable-libgomp --disable-libssp --enable-libquadmath --enable-libquadmath-support --enable-lto --enable-target-optspace --enable-plugin --enable-gold --disable-nls --disable-bootstrap --disable-multilib --enable-long-long --with-sysroot=/home/conda/feedstock_root/build_artifacts/gcc_compilers_1724798720716/_h_env_placehold_placehold_placehold_placehold_placehold_placehold_placehold_placehold_placehold_placehold_placehold_placehold_placehold_placehold_placehold_placehold_placehold_placeho/x86_64-conda-linux-gnu/sysroot --with-build-sysroot=/home/conda/feedstock_root/build_artifacts/gcc_compilers_1724798720716/work/cf-compilers/x86_64-conda-linux-gnu/sysroot --with-native-system-header-dir=/usr/include --with-gxx-include-dir=/home/conda/feedstock_root/build_artifacts/gcc_compilers_1724798720716/_h_env_placehold_placehold_placehold_placehold_placehold_placehold_placehold_placehold_placehold_placehold_placehold_placehold_placehold_placehold_placehold_placehold_placehold_placeho/lib/gcc/x86_64-conda-linux-gnu/13.3.0/include/c++ --with-pkgversion='conda-forge gcc 13.3.0-1' --with-bugurl=https://github.com/conda-forge/ctng-compilers-feedstock/issues/new/choose --enable-libsanitizer --enable-default-pie --enable-threads=posix
Thread model: posix
Supported LTO compression algorithms: zlib
gcc version 13.3.0 (conda-forge gcc 13.3.0-1) 
COMPILER_PATH=/home/frankgon/miniforge3/envs/ros_env/bin/../libexec/gcc/x86_64-conda-linux-gnu/13.3.0/:/home/frankgon/miniforge3/envs/ros_env/bin/../libexec/gcc/:/home/frankgon/miniforge3/envs/ros_env/bin/../lib/gcc/x86_64-conda-linux-gnu/13.3.0/../../../../x86_64-conda-linux-gnu/bin/
LIBRARY_PATH=/home/frankgon/miniforge3/envs/ros_env/bin/../lib/gcc/x86_64-conda-linux-gnu/13.3.0/:/home/frankgon/miniforge3/envs/ros_env/bin/../lib/gcc/:/home/frankgon/miniforge3/envs/ros_env/bin/../lib/gcc/x86_64-conda-linux-gnu/13.3.0/../../../../x86_64-conda-linux-gnu/lib/../lib/:/home/frankgon/miniforge3/envs/ros_env/bin/../lib/gcc/x86_64-conda-linux-gnu/13.3.0/../../../../lib/:/home/frankgon/miniforge3/envs/ros_env/bin/../x86_64-conda-linux-gnu/sysroot/lib/../lib/:/home/frankgon/miniforge3/envs/ros_env/bin/../x86_64-conda-linux-gnu/sysroot/usr/lib/../lib/:/home/frankgon/miniforge3/envs/ros_env/bin/../lib/gcc/x86_64-conda-linux-gnu/13.3.0/../../../../x86_64-conda-linux-gnu/lib/:/home/frankgon/miniforge3/envs/ros_env/bin/../lib/gcc/x86_64-conda-linux-gnu/13.3.0/../../../:/home/frankgon/miniforge3/envs/ros_env/bin/../x86_64-conda-linux-gnu/sysroot/lib/:/home/frankgon/miniforge3/envs/ros_env/bin/../x86_64-conda-linux-gnu/sysroot/usr/lib/
Reading specs from /home/frankgon/miniforge3/envs/ros_env/bin/../lib/gcc/x86_64-conda-linux-gnu/13.3.0/../../../../x86_64-conda-linux-gnu/lib/../lib/libgomp.spec
COLLECT_GCC_OPTIONS='-march=nocona' '-mtune=haswell' '-ftree-vectorize' '-fPIC' '-fstack-protector-strong' '-fno-plt' '-O2' '-ffunction-sections' '-pipe' '-isystem' '/home/frankgon/miniforge3/envs/ros_env/include' '-fopenmp' '-v' '-L/home/frankgon/miniforge3/envs/ros_env/lib' '-o' 'cmTC_9d371' '-v' '-pthread' '-dumpdir' 'cmTC_9d371.'
 /home/frankgon/miniforge3/envs/ros_env/bin/../libexec/gcc/x86_64-conda-linux-gnu/13.3.0/collect2 -plugin /home/frankgon/miniforge3/envs/ros_env/bin/../libexec/gcc/x86_64-conda-linux-gnu/13.3.0/liblto_plugin.so -plugin-opt=/home/frankgon/miniforge3/envs/ros_env/bin/../libexec/gcc/x86_64-conda-linux-gnu/13.3.0/lto-wrapper -plugin-opt=-fresolution=/tmp/cc9T3QLd.res -plugin-opt=-pass-through=-lgcc -plugin-opt=-pass-through=-lgcc_s -plugin-opt=-pass-through=-lpthread -plugin-opt=-pass-through=-lc -plugin-opt=-pass-through=-lgcc -plugin-opt=-pass-through=-lgcc_s --sysroot=/home/frankgon/miniforge3/envs/ros_env/bin/../x86_64-conda-linux-gnu/sysroot --eh-frame-hdr -m elf_x86_64 -dynamic-linker /lib64/ld-linux-x86-64.so.2 -pie -o cmTC_9d371 /home/frankgon/miniforge3/envs/ros_env/bin/../x86_64-conda-linux-gnu/sysroot/usr/lib/../lib/Scrt1.o /home/frankgon/miniforge3/envs/ros_env/bin/../x86_64-conda-linux-gnu/sysroot/usr/lib/../lib/crti.o /home/frankgon/miniforge3/envs/ros_env/bin/../lib/gcc/x86_64-conda-linux-gnu/13.3.0/crtbeginS.o -L/home/frankgon/miniforge3/envs/ros_env/lib -L/home/frankgon/miniforge3/envs/ros_env/bin/../lib/gcc/x86_64-conda-linux-gnu/13.3.0 -L/home/frankgon/miniforge3/envs/ros_env/bin/../lib/gcc -L/home/frankgon/miniforge3/envs/ros_env/bin/../lib/gcc/x86_64-conda-linux-gnu/13.3.0/../../../../x86_64-conda-linux-gnu/lib/../lib -L/home/frankgon/miniforge3/envs/ros_env/bin/../lib/gcc/x86_64-conda-linux-gnu/13.3.0/../../../../lib -L/home/frankgon/miniforge3/envs/ros_env/bin/../x86_64-conda-linux-gnu/sysroot/lib/../lib -L/home/frankgon/miniforge3/envs/ros_env/bin/../x86_64-conda-linux-gnu/sysroot/usr/lib/../lib -L/home/frankgon/miniforge3/envs/ros_env/bin/../lib/gcc/x86_64-conda-linux-gnu/13.3.0/../../../../x86_64-conda-linux-gnu/lib -L/home/frankgon/miniforge3/envs/ros_env/bin/../lib/gcc/x86_64-conda-linux-gnu/13.3.0/../../.. -L/home/frankgon/miniforge3/envs/ros_env/bin/../x86_64-conda-linux-gnu/sysroot/lib -L/home/frankgon/miniforge3/envs/ros_env/bin/../x86_64-conda-linux-gnu/sysroot/usr/lib -O2 --sort-common --as-needed -z relro -z now --disable-new-dtags --gc-sections --allow-shlib-undefined -rpath /home/frankgon/miniforge3/envs/ros_env/lib -rpath-link /home/frankgon/miniforge3/envs/ros_env/lib CMakeFiles/cmTC_9d371.dir/OpenMPTryFlag.c.o -lgomp -lgcc --push-state --as-needed -lgcc_s --pop-state -lpthread -lc -lgcc --push-state --as-needed -lgcc_s --pop-state /home/frankgon/miniforge3/envs/ros_env/bin/../lib/gcc/x86_64-conda-linux-gnu/13.3.0/crtendS.o /home/frankgon/miniforge3/envs/ros_env/bin/../x86_64-conda-linux-gnu/sysroot/usr/lib/../lib/crtn.o -rpath /home/frankgon/miniforge3/envs/ros_env/lib
COLLECT_GCC_OPTIONS='-march=nocona' '-mtune=haswell' '-ftree-vectorize' '-fPIC' '-fstack-protector-strong' '-fno-plt' '-O2' '-ffunction-sections' '-pipe' '-isystem' '/home/frankgon/miniforge3/envs/ros_env/include' '-fopenmp' '-v' '-L/home/frankgon/miniforge3/envs/ros_env/lib' '-o' 'cmTC_9d371' '-v' '-pthread' '-dumpdir' 'cmTC_9d371.'



Parsed C OpenMP implicit link information from above output:
  link line regex: [^( *|.*[/\])(ld[0-9]*(\.[a-z]+)?|CMAKE_LINK_STARTFILE-NOTFOUND|([^/\]+-)?ld|collect2)[^/\]*( |$)]
  ignore line: [Change Dir: '/home/frankgon/ros2_ws/src/groundgrid/build/CMakeFiles/CMakeTmp']
  ignore line: []
  ignore line: [Run Build Command(s): /home/frankgon/miniforge3/envs/ros_env/bin/ninja -v cmTC_9d371]
  ignore line: [[1/2] /home/frankgon/miniforge3/envs/ros_env/bin/gcc   -march=nocona -mtune=haswell -ftree-vectorize -fPIC -fstack-protector-strong -fno-plt -O2 -ffunction-sections -pipe -isystem /home/frankgon/miniforge3/envs/ros_env/include -fopenmp -v -o CMakeFiles/cmTC_9d371.dir/OpenMPTryFlag.c.o -c /home/frankgon/ros2_ws/src/groundgrid/build/CMakeFiles/FindOpenMP/OpenMPTryFlag.c]
  ignore line: [Reading specs from /home/frankgon/miniforge3/envs/ros_env/bin/../lib/gcc/x86_64-conda-linux-gnu/13.3.0/specs]
  ignore line: [could not find specs file conda.specs]
  ignore line: [COLLECT_GCC=/home/frankgon/miniforge3/envs/ros_env/bin/gcc]
  ignore line: [Target: x86_64-conda-linux-gnu]
  ignore line: [Configured with: ../configure --prefix=/home/conda/feedstock_root/build_artifacts/gcc_compilers_1724798720716/_h_env_placehold_placehold_placehold_placehold_placehold_placehold_placehold_placehold_placehold_placehold_placehold_placehold_placehold_placehold_placehold_placehold_placehold_placeho --with-slibdir=/home/conda/feedstock_root/build_artifacts/gcc_compilers_1724798720716/_h_env_placehold_placehold_placehold_placehold_placehold_placehold_placehold_placehold_placehold_placehold_placehold_placehold_placehold_placehold_placehold_placehold_placehold_placeho/lib --libdir=/home/conda/feedstock_root/build_artifacts/gcc_compilers_1724798720716/_h_env_placehold_placehold_placehold_placehold_placehold_placehold_placehold_placehold_placehold_placehold_placehold_placehold_placehold_placehold_placehold_placehold_placehold_placeho/lib --mandir=/home/conda/feedstock_root/build_artifacts/gcc_compilers_1724798720716/_h_env_placehold_placehold_placehold_placehold_placehold_placehold_placehold_placehold_placehold_placehold_placehold_placehold_placehold_placehold_placehold_placehold_placehold_placeho/man --build=x86_64-conda-linux-gnu --host=x86_64-conda-linux-gnu --target=x86_64-conda-linux-gnu --enable-languages=c c++ fortran objc obj-c++ --enable-__cxa_atexit --disable-libmudflap --enable-libgomp --disable-libssp --enable-libquadmath --enable-libquadmath-support --enable-lto --enable-target-optspace --enable-plugin --enable-gold --disable-nls --disable-bootstrap --disable-multilib --enable-long-long --with-sysroot=/home/conda/feedstock_root/build_artifacts/gcc_compilers_1724798720716/_h_env_placehold_placehold_placehold_placehold_placehold_placehold_placehold_placehold_placehold_placehold_placehold_placehold_placehold_placehold_placehold_placehold_placehold_placeho/x86_64-conda-linux-gnu/sysroot --with-build-sysroot=/home/conda/feedstock_root/build_artifacts/gcc_compilers_1724798720716/work/cf-compilers/x86_64-conda-linux-gnu/sysroot --with-native-system-header-dir=/usr/include --with-gxx-include-dir=/home/conda/feedstock_root/build_artifacts/gcc_compilers_1724798720716/_h_env_placehold_placehold_placehold_placehold_placehold_placehold_placehold_placehold_placehold_placehold_placehold_placehold_placehold_placehold_placehold_placehold_placehold_placeho/lib/gcc/x86_64-conda-linux-gnu/13.3.0/include/c++ --with-pkgversion='conda-forge gcc 13.3.0-1' --with-bugurl=https://github.com/conda-forge/ctng-compilers-feedstock/issues/new/choose --enable-libsanitizer --enable-default-pie --enable-threads=posix]
  ignore line: [Thread model: posix]
  ignore line: [Supported LTO compression algorithms: zlib]
  ignore line: [gcc version 13.3.0 (conda-forge gcc 13.3.0-1) ]
  ignore line: [COLLECT_GCC_OPTIONS='-march=nocona' '-mtune=haswell' '-ftree-vectorize' '-fPIC' '-fstack-protector-strong' '-fno-plt' '-O2' '-ffunction-sections' '-pipe' '-isystem' '/home/frankgon/miniforge3/envs/ros_env/include' '-fopenmp' '-v' '-o' 'CMakeFiles/cmTC_9d371.dir/OpenMPTryFlag.c.o' '-c' '-pthread' '-dumpdir' 'CMakeFiles/cmTC_9d371.dir/']
  ignore line: [ /home/frankgon/miniforge3/envs/ros_env/bin/../libexec/gcc/x86_64-conda-linux-gnu/13.3.0/cc1 -quiet -v -iprefix /home/frankgon/miniforge3/envs/ros_env/bin/../lib/gcc/x86_64-conda-linux-gnu/13.3.0/ -isysroot /home/frankgon/miniforge3/envs/ros_env/bin/../x86_64-conda-linux-gnu/sysroot -D_REENTRANT -isystem /home/frankgon/miniforge3/envs/ros_env/include /home/frankgon/ros2_ws/src/groundgrid/build/CMakeFiles/FindOpenMP/OpenMPTryFlag.c -quiet -dumpdir CMakeFiles/cmTC_9d371.dir/ -dumpbase OpenMPTryFlag.c.c -dumpbase-ext .c -march=nocona -mtune=haswell -O2 -version -ftree-vectorize -fPIC -fstack-protector-strong -fno-plt -ffunction-sections -fopenmp -o - |]
  ignore line: [ /home/frankgon/miniforge3/envs/ros_env/bin/../lib/gcc/x86_64-conda-linux-gnu/13.3.0/../../../../x86_64-conda-linux-gnu/bin/as -v --64 -o CMakeFiles/cmTC_9d371.dir/OpenMPTryFlag.c.o]
  ignore line: [GNU assembler version 2.43 (x86_64-conda-linux-gnu) using BFD version (GNU Binutils) 2.43]
  ignore line: [GNU C17 (conda-forge gcc 13.3.0-1) version 13.3.0 (x86_64-conda-linux-gnu)]
  ignore line: [	compiled by GNU C version 14.1.0  GMP version 6.2.1  MPFR version 4.1.0  MPC version 1.2.1  isl version isl-0.24-GMP]
  ignore line: []
  ignore line: [GGC heuristics: --param ggc-min-expand=100 --param ggc-min-heapsize=131072]
  ignore line: [ignoring nonexistent directory "/home/frankgon/miniforge3/envs/ros_env/bin/../lib/gcc/x86_64-conda-linux-gnu/13.3.0/../../../../x86_64-conda-linux-gnu/include"]
  ignore line: [ignoring duplicate directory "/home/frankgon/miniforge3/envs/ros_env/bin/../lib/gcc/../../lib/gcc/x86_64-conda-linux-gnu/13.3.0/include"]
  ignore line: [ignoring nonexistent directory "/home/frankgon/miniforge3/envs/ros_env/bin/../x86_64-conda-linux-gnu/sysroot/usr/local/include"]
  ignore line: [ignoring duplicate directory "/home/frankgon/miniforge3/envs/ros_env/bin/../lib/gcc/../../lib/gcc/x86_64-conda-linux-gnu/13.3.0/include-fixed"]
  ignore line: [ignoring nonexistent directory "/home/frankgon/miniforge3/envs/ros_env/bin/../lib/gcc/../../lib/gcc/x86_64-conda-linux-gnu/13.3.0/../../../../x86_64-conda-linux-gnu/include"]
  ignore line: [#include "..." search starts here:]
  ignore line: [#include <...> search starts here:]
  ignore line: [ /home/frankgon/miniforge3/envs/ros_env/include]
  ignore line: [ /home/frankgon/miniforge3/envs/ros_env/bin/../lib/gcc/x86_64-conda-linux-gnu/13.3.0/include]
  ignore line: [ /home/frankgon/miniforge3/envs/ros_env/bin/../lib/gcc/x86_64-conda-linux-gnu/13.3.0/include-fixed]
  ignore line: [ /home/frankgon/miniforge3/envs/ros_env/bin/../x86_64-conda-linux-gnu/sysroot/usr/include]
  ignore line: [End of search list.]
  ignore line: [Compiler executable checksum: cfc6d60748a3f63fbd009e7e88e803d9]
  ignore line: [COMPILER_PATH=/home/frankgon/miniforge3/envs/ros_env/bin/../libexec/gcc/x86_64-conda-linux-gnu/13.3.0/:/home/frankgon/miniforge3/envs/ros_env/bin/../libexec/gcc/:/home/frankgon/miniforge3/envs/ros_env/bin/../lib/gcc/x86_64-conda-linux-gnu/13.3.0/../../../../x86_64-conda-linux-gnu/bin/]
  ignore line: [LIBRARY_PATH=/home/frankgon/miniforge3/envs/ros_env/bin/../lib/gcc/x86_64-conda-linux-gnu/13.3.0/:/home/frankgon/miniforge3/envs/ros_env/bin/../lib/gcc/:/home/frankgon/miniforge3/envs/ros_env/bin/../lib/gcc/x86_64-conda-linux-gnu/13.3.0/../../../../x86_64-conda-linux-gnu/lib/../lib/:/home/frankgon/miniforge3/envs/ros_env/bin/../lib/gcc/x86_64-conda-linux-gnu/13.3.0/../../../../lib/:/home/frankgon/miniforge3/envs/ros_env/bin/../x86_64-conda-linux-gnu/sysroot/lib/../lib/:/home/frankgon/miniforge3/envs/ros_env/bin/../x86_64-conda-linux-gnu/sysroot/usr/lib/../lib/:/home/frankgon/miniforge3/envs/ros_env/bin/../lib/gcc/x86_64-conda-linux-gnu/13.3.0/../../../../x86_64-conda-linux-gnu/lib/:/home/frankgon/miniforge3/envs/ros_env/bin/../lib/gcc/x86_64-conda-linux-gnu/13.3.0/../../../:/home/frankgon/miniforge3/envs/ros_env/bin/../x86_64-conda-linux-gnu/sysroot/lib/:/home/frankgon/miniforge3/envs/ros_env/bin/../x86_64-conda-linux-gnu/sysroot/usr/lib/]
  ignore line: [COLLECT_GCC_OPTIONS='-march=nocona' '-mtune=haswell' '-ftree-vectorize' '-fPIC' '-fstack-protector-strong' '-fno-plt' '-O2' '-ffunction-sections' '-pipe' '-isystem' '/home/frankgon/miniforge3/envs/ros_env/include' '-fopenmp' '-v' '-o' 'CMakeFiles/cmTC_9d371.dir/OpenMPTryFlag.c.o' '-c' '-pthread' '-dumpdir' 'CMakeFiles/cmTC_9d371.dir/OpenMPTryFlag.c.']
  ignore line: [[2/2] : && /home/frankgon/miniforge3/envs/ros_env/bin/gcc -march=nocona -mtune=haswell -ftree-vectorize -fPIC -fstack-protector-strong -fno-plt -O2 -ffunction-sections -pipe -isystem /home/frankgon/miniforge3/envs/ros_env/include -fopenmp -v -Wl -O2 -Wl --sort-common -Wl --as-needed -Wl -z relro -Wl -z now -Wl --disable-new-dtags -Wl --gc-sections -Wl --allow-shlib-undefined -Wl -rpath /home/frankgon/miniforge3/envs/ros_env/lib -Wl -rpath-link /home/frankgon/miniforge3/envs/ros_env/lib -L/home/frankgon/miniforge3/envs/ros_env/lib CMakeFiles/cmTC_9d371.dir/OpenMPTryFlag.c.o -o cmTC_9d371  -v && :]
  ignore line: [Reading specs from /home/frankgon/miniforge3/envs/ros_env/bin/../lib/gcc/x86_64-conda-linux-gnu/13.3.0/specs]
  ignore line: [could not find specs file conda.specs]
  ignore line: [COLLECT_GCC=/home/frankgon/miniforge3/envs/ros_env/bin/gcc]
  ignore line: [COLLECT_LTO_WRAPPER=/home/frankgon/miniforge3/envs/ros_env/bin/../libexec/gcc/x86_64-conda-linux-gnu/13.3.0/lto-wrapper]
  ignore line: [Target: x86_64-conda-linux-gnu]
  ignore line: [Configured with: ../configure --prefix=/home/conda/feedstock_root/build_artifacts/gcc_compilers_1724798720716/_h_env_placehold_placehold_placehold_placehold_placehold_placehold_placehold_placehold_placehold_placehold_placehold_placehold_placehold_placehold_placehold_placehold_placehold_placeho --with-slibdir=/home/conda/feedstock_root/build_artifacts/gcc_compilers_1724798720716/_h_env_placehold_placehold_placehold_placehold_placehold_placehold_placehold_placehold_placehold_placehold_placehold_placehold_placehold_placehold_placehold_placehold_placehold_placeho/lib --libdir=/home/conda/feedstock_root/build_artifacts/gcc_compilers_1724798720716/_h_env_placehold_placehold_placehold_placehold_placehold_placehold_placehold_placehold_placehold_placehold_placehold_placehold_placehold_placehold_placehold_placehold_placehold_placeho/lib --mandir=/home/conda/feedstock_root/build_artifacts/gcc_compilers_1724798720716/_h_env_placehold_placehold_placehold_placehold_placehold_placehold_placehold_placehold_placehold_placehold_placehold_placehold_placehold_placehold_placehold_placehold_placehold_placeho/man --build=x86_64-conda-linux-gnu --host=x86_64-conda-linux-gnu --target=x86_64-conda-linux-gnu --enable-languages=c c++ fortran objc obj-c++ --enable-__cxa_atexit --disable-libmudflap --enable-libgomp --disable-libssp --enable-libquadmath --enable-libquadmath-support --enable-lto --enable-target-optspace --enable-plugin --enable-gold --disable-nls --disable-bootstrap --disable-multilib --enable-long-long --with-sysroot=/home/conda/feedstock_root/build_artifacts/gcc_compilers_1724798720716/_h_env_placehold_placehold_placehold_placehold_placehold_placehold_placehold_placehold_placehold_placehold_placehold_placehold_placehold_placehold_placehold_placehold_placehold_placeho/x86_64-conda-linux-gnu/sysroot --with-build-sysroot=/home/conda/feedstock_root/build_artifacts/gcc_compilers_1724798720716/work/cf-compilers/x86_64-conda-linux-gnu/sysroot --with-native-system-header-dir=/usr/include --with-gxx-include-dir=/home/conda/feedstock_root/build_artifacts/gcc_compilers_1724798720716/_h_env_placehold_placehold_placehold_placehold_placehold_placehold_placehold_placehold_placehold_placehold_placehold_placehold_placehold_placehold_placehold_placehold_placehold_placeho/lib/gcc/x86_64-conda-linux-gnu/13.3.0/include/c++ --with-pkgversion='conda-forge gcc 13.3.0-1' --with-bugurl=https://github.com/conda-forge/ctng-compilers-feedstock/issues/new/choose --enable-libsanitizer --enable-default-pie --enable-threads=posix]
  ignore line: [Thread model: posix]
  ignore line: [Supported LTO compression algorithms: zlib]
  ignore line: [gcc version 13.3.0 (conda-forge gcc 13.3.0-1) ]
  ignore line: [COMPILER_PATH=/home/frankgon/miniforge3/envs/ros_env/bin/../libexec/gcc/x86_64-conda-linux-gnu/13.3.0/:/home/frankgon/miniforge3/envs/ros_env/bin/../libexec/gcc/:/home/frankgon/miniforge3/envs/ros_env/bin/../lib/gcc/x86_64-conda-linux-gnu/13.3.0/../../../../x86_64-conda-linux-gnu/bin/]
  ignore line: [LIBRARY_PATH=/home/frankgon/miniforge3/envs/ros_env/bin/../lib/gcc/x86_64-conda-linux-gnu/13.3.0/:/home/frankgon/miniforge3/envs/ros_env/bin/../lib/gcc/:/home/frankgon/miniforge3/envs/ros_env/bin/../lib/gcc/x86_64-conda-linux-gnu/13.3.0/../../../../x86_64-conda-linux-gnu/lib/../lib/:/home/frankgon/miniforge3/envs/ros_env/bin/../lib/gcc/x86_64-conda-linux-gnu/13.3.0/../../../../lib/:/home/frankgon/miniforge3/envs/ros_env/bin/../x86_64-conda-linux-gnu/sysroot/lib/../lib/:/home/frankgon/miniforge3/envs/ros_env/bin/../x86_64-conda-linux-gnu/sysroot/usr/lib/../lib/:/home/frankgon/miniforge3/envs/ros_env/bin/../lib/gcc/x86_64-conda-linux-gnu/13.3.0/../../../../x86_64-conda-linux-gnu/lib/:/home/frankgon/miniforge3/envs/ros_env/bin/../lib/gcc/x86_64-conda-linux-gnu/13.3.0/../../../:/home/frankgon/miniforge3/envs/ros_env/bin/../x86_64-conda-linux-gnu/sysroot/lib/:/home/frankgon/miniforge3/envs/ros_env/bin/../x86_64-conda-linux-gnu/sysroot/usr/lib/]
  ignore line: [Reading specs from /home/frankgon/miniforge3/envs/ros_env/bin/../lib/gcc/x86_64-conda-linux-gnu/13.3.0/../../../../x86_64-conda-linux-gnu/lib/../lib/libgomp.spec]
  ignore line: [COLLECT_GCC_OPTIONS='-march=nocona' '-mtune=haswell' '-ftree-vectorize' '-fPIC' '-fstack-protector-strong' '-fno-plt' '-O2' '-ffunction-sections' '-pipe' '-isystem' '/home/frankgon/miniforge3/envs/ros_env/include' '-fopenmp' '-v' '-L/home/frankgon/miniforge3/envs/ros_env/lib' '-o' 'cmTC_9d371' '-v' '-pthread' '-dumpdir' 'cmTC_9d371.']
  link line: [ /home/frankgon/miniforge3/envs/ros_env/bin/../libexec/gcc/x86_64-conda-linux-gnu/13.3.0/collect2 -plugin /home/frankgon/miniforge3/envs/ros_env/bin/../libexec/gcc/x86_64-conda-linux-gnu/13.3.0/liblto_plugin.so -plugin-opt=/home/frankgon/miniforge3/envs/ros_env/bin/../libexec/gcc/x86_64-conda-linux-gnu/13.3.0/lto-wrapper -plugin-opt=-fresolution=/tmp/cc9T3QLd.res -plugin-opt=-pass-through=-lgcc -plugin-opt=-pass-through=-lgcc_s -plugin-opt=-pass-through=-lpthread -plugin-opt=-pass-through=-lc -plugin-opt=-pass-through=-lgcc -plugin-opt=-pass-through=-lgcc_s --sysroot=/home/frankgon/miniforge3/envs/ros_env/bin/../x86_64-conda-linux-gnu/sysroot --eh-frame-hdr -m elf_x86_64 -dynamic-linker /lib64/ld-linux-x86-64.so.2 -pie -o cmTC_9d371 /home/frankgon/miniforge3/envs/ros_env/bin/../x86_64-conda-linux-gnu/sysroot/usr/lib/../lib/Scrt1.o /home/frankgon/miniforge3/envs/ros_env/bin/../x86_64-conda-linux-gnu/sysroot/usr/lib/../lib/crti.o /home/frankgon/miniforge3/envs/ros_env/bin/../lib/gcc/x86_64-conda-linux-gnu/13.3.0/crtbeginS.o -L/home/frankgon/miniforge3/envs/ros_env/lib -L/home/frankgon/miniforge3/envs/ros_env/bin/../lib/gcc/x86_64-conda-linux-gnu/13.3.0 -L/home/frankgon/miniforge3/envs/ros_env/bin/../lib/gcc -L/home/frankgon/miniforge3/envs/ros_env/bin/../lib/gcc/x86_64-conda-linux-gnu/13.3.0/../../../../x86_64-conda-linux-gnu/lib/../lib -L/home/frankgon/miniforge3/envs/ros_env/bin/../lib/gcc/x86_64-conda-linux-gnu/13.3.0/../../../../lib -L/home/frankgon/miniforge3/envs/ros_env/bin/../x86_64-conda-linux-gnu/sysroot/lib/../lib -L/home/frankgon/miniforge3/envs/ros_env/bin/../x86_64-conda-linux-gnu/sysroot/usr/lib/../lib -L/home/frankgon/miniforge3/envs/ros_env/bin/../lib/gcc/x86_64-conda-linux-gnu/13.3.0/../../../../x86_64-conda-linux-gnu/lib -L/home/frankgon/miniforge3/envs/ros_env/bin/../lib/gcc/x86_64-conda-linux-gnu/13.3.0/../../.. -L/home/frankgon/miniforge3/envs/ros_env/bin/../x86_64-conda-linux-gnu/sysroot/lib -L/home/frankgon/miniforge3/envs/ros_env/bin/../x86_64-conda-linux-gnu/sysroot/usr/lib -O2 --sort-common --as-needed -z relro -z now --disable-new-dtags --gc-sections --allow-shlib-undefined -rpath /home/frankgon/miniforge3/envs/ros_env/lib -rpath-link /home/frankgon/miniforge3/envs/ros_env/lib CMakeFiles/cmTC_9d371.dir/OpenMPTryFlag.c.o -lgomp -lgcc --push-state --as-needed -lgcc_s --pop-state -lpthread -lc -lgcc --push-state --as-needed -lgcc_s --pop-state /home/frankgon/miniforge3/envs/ros_env/bin/../lib/gcc/x86_64-conda-linux-gnu/13.3.0/crtendS.o /home/frankgon/miniforge3/envs/ros_env/bin/../x86_64-conda-linux-gnu/sysroot/usr/lib/../lib/crtn.o -rpath /home/frankgon/miniforge3/envs/ros_env/lib]
    arg [/home/frankgon/miniforge3/envs/ros_env/bin/../libexec/gcc/x86_64-conda-linux-gnu/13.3.0/collect2] ==> ignore
    arg [-plugin] ==> ignore
    arg [/home/frankgon/miniforge3/envs/ros_env/bin/../libexec/gcc/x86_64-conda-linux-gnu/13.3.0/liblto_plugin.so] ==> ignore
    arg [-plugin-opt=/home/frankgon/miniforge3/envs/ros_env/bin/../libexec/gcc/x86_64-conda-linux-gnu/13.3.0/lto-wrapper] ==> ignore
    arg [-plugin-opt=-fresolution=/tmp/cc9T3QLd.res] ==> ignore
    arg [-plugin-opt=-pass-through=-lgcc] ==> ignore
    arg [-plugin-opt=-pass-through=-lgcc_s] ==> ignore
    arg [-plugin-opt=-pass-through=-lpthread] ==> ignore
    arg [-plugin-opt=-pass-through=-lc] ==> ignore
    arg [-plugin-opt=-pass-through=-lgcc] ==> ignore
    arg [-plugin-opt=-pass-through=-lgcc_s] ==> ignore
    arg [--sysroot=/home/frankgon/miniforge3/envs/ros_env/bin/../x86_64-conda-linux-gnu/sysroot] ==> ignore
    arg [--eh-frame-hdr] ==> ignore
    arg [-m] ==> ignore
    arg [elf_x86_64] ==> ignore
    arg [-dynamic-linker] ==> ignore
    arg [/lib64/ld-linux-x86-64.so.2] ==> ignore
    arg [-pie] ==> ignore
    arg [-o] ==> ignore
    arg [cmTC_9d371] ==> ignore
    arg [-L/home/frankgon/miniforge3/envs/ros_env/lib] ==> dir [/home/frankgon/miniforge3/envs/ros_env/lib]
    arg [-L/home/frankgon/miniforge3/envs/ros_env/bin/../lib/gcc/x86_64-conda-linux-gnu/13.3.0] ==> dir [/home/frankgon/miniforge3/envs/ros_env/bin/../lib/gcc/x86_64-conda-linux-gnu/13.3.0]
    arg [-L/home/frankgon/miniforge3/envs/ros_env/bin/../lib/gcc] ==> dir [/home/frankgon/miniforge3/envs/ros_env/bin/../lib/gcc]
    arg [-L/home/frankgon/miniforge3/envs/ros_env/bin/../lib/gcc/x86_64-conda-linux-gnu/13.3.0/../../../../x86_64-conda-linux-gnu/lib/../lib] ==> dir [/home/frankgon/miniforge3/envs/ros_env/bin/../lib/gcc/x86_64-conda-linux-gnu/13.3.0/../../../../x86_64-conda-linux-gnu/lib/../lib]
    arg [-L/home/frankgon/miniforge3/envs/ros_env/bin/../lib/gcc/x86_64-conda-linux-gnu/13.3.0/../../../../lib] ==> dir [/home/frankgon/miniforge3/envs/ros_env/bin/../lib/gcc/x86_64-conda-linux-gnu/13.3.0/../../../../lib]
    arg [-L/home/frankgon/miniforge3/envs/ros_env/bin/../x86_64-conda-linux-gnu/sysroot/lib/../lib] ==> dir [/home/frankgon/miniforge3/envs/ros_env/bin/../x86_64-conda-linux-gnu/sysroot/lib/../lib]
    arg [-L/home/frankgon/miniforge3/envs/ros_env/bin/../x86_64-conda-linux-gnu/sysroot/usr/lib/../lib] ==> dir [/home/frankgon/miniforge3/envs/ros_env/bin/../x86_64-conda-linux-gnu/sysroot/usr/lib/../lib]
    arg [-L/home/frankgon/miniforge3/envs/ros_env/bin/../lib/gcc/x86_64-conda-linux-gnu/13.3.0/../../../../x86_64-conda-linux-gnu/lib] ==> dir [/home/frankgon/miniforge3/envs/ros_env/bin/../lib/gcc/x86_64-conda-linux-gnu/13.3.0/../../../../x86_64-conda-linux-gnu/lib]
    arg [-L/home/frankgon/miniforge3/envs/ros_env/bin/../lib/gcc/x86_64-conda-linux-gnu/13.3.0/../../..] ==> dir [/home/frankgon/miniforge3/envs/ros_env/bin/../lib/gcc/x86_64-conda-linux-gnu/13.3.0/../../..]
    arg [-L/home/frankgon/miniforge3/envs/ros_env/bin/../x86_64-conda-linux-gnu/sysroot/lib] ==> dir [/home/frankgon/miniforge3/envs/ros_env/bin/../x86_64-conda-linux-gnu/sysroot/lib]
    arg [-L/home/frankgon/miniforge3/envs/ros_env/bin/../x86_64-conda-linux-gnu/sysroot/usr/lib] ==> dir [/home/frankgon/miniforge3/envs/ros_env/bin/../x86_64-conda-linux-gnu/sysroot/usr/lib]
    arg [-O2] ==> ignore
    arg [--sort-common] ==> ignore
    arg [--as-needed] ==> ignore
    arg [-zrelro] ==> ignore
    arg [-znow] ==> ignore
    arg [--disable-new-dtags] ==> ignore
    arg [--gc-sections] ==> ignore
    arg [--allow-shlib-undefined] ==> ignore
    arg [-rpath] ==> ignore
    arg [/home/frankgon/miniforge3/envs/ros_env/lib] ==> ignore
    arg [-rpath-link] ==> ignore
    arg [/home/frankgon/miniforge3/envs/ros_env/lib] ==> ignore
    arg [CMakeFiles/cmTC_9d371.dir/OpenMPTryFlag.c.o] ==> ignore
    arg [-lgomp] ==> lib [gomp]
    arg [-lgcc] ==> lib [gcc]
    arg [--push-state] ==> ignore
    arg [--as-needed] ==> ignore
    arg [-lgcc_s] ==> lib [gcc_s]
    arg [--pop-state] ==> ignore
    arg [-lpthread] ==> lib [pthread]
    arg [-lc] ==> lib [c]
    arg [-lgcc] ==> lib [gcc]
    arg [--push-state] ==> ignore
    arg [--as-needed] ==> ignore
    arg [-lgcc_s] ==> lib [gcc_s]
    arg [--pop-state] ==> ignore
    arg [-rpath] ==> ignore
    arg [/home/frankgon/miniforge3/envs/ros_env/lib] ==> ignore
  collapse library dir [/home/frankgon/miniforge3/envs/ros_env/lib] ==> [/home/frankgon/miniforge3/envs/ros_env/lib]
  collapse library dir [/home/frankgon/miniforge3/envs/ros_env/bin/../lib/gcc/x86_64-conda-linux-gnu/13.3.0] ==> [/home/frankgon/miniforge3/envs/ros_env/lib/gcc/x86_64-conda-linux-gnu/13.3.0]
  collapse library dir [/home/frankgon/miniforge3/envs/ros_env/bin/../lib/gcc] ==> [/home/frankgon/miniforge3/envs/ros_env/lib/gcc]
  collapse library dir [/home/frankgon/miniforge3/envs/ros_env/bin/../lib/gcc/x86_64-conda-linux-gnu/13.3.0/../../../../x86_64-conda-linux-gnu/lib/../lib] ==> [/home/frankgon/miniforge3/envs/ros_env/x86_64-conda-linux-gnu/lib]
  collapse library dir [/home/frankgon/miniforge3/envs/ros_env/bin/../lib/gcc/x86_64-conda-linux-gnu/13.3.0/../../../../lib] ==> [/home/frankgon/miniforge3/envs/ros_env/lib]
  collapse library dir [/home/frankgon/miniforge3/envs/ros_env/bin/../x86_64-conda-linux-gnu/sysroot/lib/../lib] ==> [/home/frankgon/miniforge3/envs/ros_env/x86_64-conda-linux-gnu/sysroot/lib]
  collapse library dir [/home/frankgon/miniforge3/envs/ros_env/bin/../x86_64-conda-linux-gnu/sysroot/usr/lib/../lib] ==> [/home/frankgon/miniforge3/envs/ros_env/x86_64-conda-linux-gnu/sysroot/usr/lib]
  collapse library dir [/home/frankgon/miniforge3/envs/ros_env/bin/../lib/gcc/x86_64-conda-linux-gnu/13.3.0/../../../../x86_64-conda-linux-gnu/lib] ==> [/home/frankgon/miniforge3/envs/ros_env/x86_64-conda-linux-gnu/lib]
  collapse library dir [/home/frankgon/miniforge3/envs/ros_env/bin/../lib/gcc/x86_64-conda-linux-gnu/13.3.0/../../..] ==> [/home/frankgon/miniforge3/envs/ros_env/lib]
  collapse library dir [/home/frankgon/miniforge3/envs/ros_env/bin/../x86_64-conda-linux-gnu/sysroot/lib] ==> [/home/frankgon/miniforge3/envs/ros_env/x86_64-conda-linux-gnu/sysroot/lib]
  collapse library dir [/home/frankgon/miniforge3/envs/ros_env/bin/../x86_64-conda-linux-gnu/sysroot/usr/lib] ==> [/home/frankgon/miniforge3/envs/ros_env/x86_64-conda-linux-gnu/sysroot/usr/lib]
  implicit libs: [gomp;gcc;gcc_s;pthread;c;gcc;gcc_s]
  implicit objs: []
  implicit dirs: [/home/frankgon/miniforge3/envs/ros_env/lib;/home/frankgon/miniforge3/envs/ros_env/lib/gcc/x86_64-conda-linux-gnu/13.3.0;/home/frankgon/miniforge3/envs/ros_env/lib/gcc;/home/frankgon/miniforge3/envs/ros_env/x86_64-conda-linux-gnu/lib;/home/frankgon/miniforge3/envs/ros_env/x86_64-conda-linux-gnu/sysroot/lib;/home/frankgon/miniforge3/envs/ros_env/x86_64-conda-linux-gnu/sysroot/usr/lib]
  implicit fwks: []


Detecting CXX OpenMP compiler ABI info compiled with the following output:
Change Dir: '/home/frankgon/ros2_ws/src/groundgrid/build/CMakeFiles/CMakeTmp'

Run Build Command(s): /home/frankgon/miniforge3/envs/ros_env/bin/ninja -v cmTC_bed4f
[1/2] /home/frankgon/miniforge3/envs/ros_env/bin/g++   -fvisibility-inlines-hidden -fmessage-length=0 -march=nocona -mtune=haswell -ftree-vectorize -fPIC -fstack-protector-strong -fno-plt -O2 -ffunction-sections -pipe -isystem /home/frankgon/miniforge3/envs/ros_env/include -fopenmp -v -std=gnu++17 -o CMakeFiles/cmTC_bed4f.dir/OpenMPTryFlag.cpp.o -c /home/frankgon/ros2_ws/src/groundgrid/build/CMakeFiles/FindOpenMP/OpenMPTryFlag.cpp
Reading specs from /home/frankgon/miniforge3/envs/ros_env/bin/../lib/gcc/x86_64-conda-linux-gnu/13.3.0/specs
could not find specs file conda.specs
COLLECT_GCC=/home/frankgon/miniforge3/envs/ros_env/bin/g++
Target: x86_64-conda-linux-gnu
Configured with: ../configure --prefix=/home/conda/feedstock_root/build_artifacts/gcc_compilers_1724798720716/_h_env_placehold_placehold_placehold_placehold_placehold_placehold_placehold_placehold_placehold_placehold_placehold_placehold_placehold_placehold_placehold_placehold_placehold_placeho --with-slibdir=/home/conda/feedstock_root/build_artifacts/gcc_compilers_1724798720716/_h_env_placehold_placehold_placehold_placehold_placehold_placehold_placehold_placehold_placehold_placehold_placehold_placehold_placehold_placehold_placehold_placehold_placehold_placeho/lib --libdir=/home/conda/feedstock_root/build_artifacts/gcc_compilers_1724798720716/_h_env_placehold_placehold_placehold_placehold_placehold_placehold_placehold_placehold_placehold_placehold_placehold_placehold_placehold_placehold_placehold_placehold_placehold_placeho/lib --mandir=/home/conda/feedstock_root/build_artifacts/gcc_compilers_1724798720716/_h_env_placehold_placehold_placehold_placehold_placehold_placehold_placehold_placehold_placehold_placehold_placehold_placehold_placehold_placehold_placehold_placehold_placehold_placeho/man --build=x86_64-conda-linux-gnu --host=x86_64-conda-linux-gnu --target=x86_64-conda-linux-gnu --enable-languages=c,c++,fortran,objc,obj-c++ --enable-__cxa_atexit --disable-libmudflap --enable-libgomp --disable-libssp --enable-libquadmath --enable-libquadmath-support --enable-lto --enable-target-optspace --enable-plugin --enable-gold --disable-nls --disable-bootstrap --disable-multilib --enable-long-long --with-sysroot=/home/conda/feedstock_root/build_artifacts/gcc_compilers_1724798720716/_h_env_placehold_placehold_placehold_placehold_placehold_placehold_placehold_placehold_placehold_placehold_placehold_placehold_placehold_placehold_placehold_placehold_placehold_placeho/x86_64-conda-linux-gnu/sysroot --with-build-sysroot=/home/conda/feedstock_root/build_artifacts/gcc_compilers_1724798720716/work/cf-compilers/x86_64-conda-linux-gnu/sysroot --with-native-system-header-dir=/usr/include --with-gxx-include-dir=/home/conda/feedstock_root/build_artifacts/gcc_compilers_1724798720716/_h_env_placehold_placehold_placehold_placehold_placehold_placehold_placehold_placehold_placehold_placehold_placehold_placehold_placehold_placehold_placehold_placehold_placehold_placeho/lib/gcc/x86_64-conda-linux-gnu/13.3.0/include/c++ --with-pkgversion='conda-forge gcc 13.3.0-1' --with-bugurl=https://github.com/conda-forge/ctng-compilers-feedstock/issues/new/choose --enable-libsanitizer --enable-default-pie --enable-threads=posix
Thread model: posix
Supported LTO compression algorithms: zlib
gcc version 13.3.0 (conda-forge gcc 13.3.0-1) 
COLLECT_GCC_OPTIONS='-fvisibility-inlines-hidden' '-fmessage-length=0' '-march=nocona' '-mtune=haswell' '-ftree-vectorize' '-fPIC' '-fstack-protector-strong' '-fno-plt' '-O2' '-ffunction-sections' '-pipe' '-isystem' '/home/frankgon/miniforge3/envs/ros_env/include' '-fopenmp' '-v' '-std=gnu++17' '-o' 'CMakeFiles/cmTC_bed4f.dir/OpenMPTryFlag.cpp.o' '-c' '-shared-libgcc' '-pthread' '-dumpdir' 'CMakeFiles/cmTC_bed4f.dir/'
 /home/frankgon/miniforge3/envs/ros_env/bin/../libexec/gcc/x86_64-conda-linux-gnu/13.3.0/cc1plus -quiet -v -iprefix /home/frankgon/miniforge3/envs/ros_env/bin/../lib/gcc/x86_64-conda-linux-gnu/13.3.0/ -isysroot /home/frankgon/miniforge3/envs/ros_env/bin/../x86_64-conda-linux-gnu/sysroot -D_GNU_SOURCE -D_REENTRANT -isystem /home/frankgon/miniforge3/envs/ros_env/include /home/frankgon/ros2_ws/src/groundgrid/build/CMakeFiles/FindOpenMP/OpenMPTryFlag.cpp -quiet -dumpdir CMakeFiles/cmTC_bed4f.dir/ -dumpbase OpenMPTryFlag.cpp.cpp -dumpbase-ext .cpp -march=nocona -mtune=haswell -O2 -std=gnu++17 -version -fvisibility-inlines-hidden -fmessage-length=0 -ftree-vectorize -fPIC -fstack-protector-strong -fno-plt -ffunction-sections -fopenmp -o - |
 /home/frankgon/miniforge3/envs/ros_env/bin/../lib/gcc/x86_64-conda-linux-gnu/13.3.0/../../../../x86_64-conda-linux-gnu/bin/as -v --64 -o CMakeFiles/cmTC_bed4f.dir/OpenMPTryFlag.cpp.o
GNU assembler version 2.43 (x86_64-conda-linux-gnu) using BFD version (GNU Binutils) 2.43
GNU C++17 (conda-forge gcc 13.3.0-1) version 13.3.0 (x86_64-conda-linux-gnu)
	compiled by GNU C version 14.1.0, GMP version 6.2.1, MPFR version 4.1.0, MPC version 1.2.1, isl version isl-0.24-GMP

GGC heuristics: --param ggc-min-expand=100 --param ggc-min-heapsize=131072
ignoring nonexistent directory "/home/frankgon/miniforge3/envs/ros_env/bin/../lib/gcc/x86_64-conda-linux-gnu/13.3.0/../../../../x86_64-conda-linux-gnu/include"
ignoring duplicate directory "/home/frankgon/miniforge3/envs/ros_env/bin/../lib/gcc/../../lib/gcc/x86_64-conda-linux-gnu/13.3.0/include/c++"
ignoring duplicate directory "/home/frankgon/miniforge3/envs/ros_env/bin/../lib/gcc/../../lib/gcc/x86_64-conda-linux-gnu/13.3.0/include/c++/x86_64-conda-linux-gnu"
ignoring duplicate directory "/home/frankgon/miniforge3/envs/ros_env/bin/../lib/gcc/../../lib/gcc/x86_64-conda-linux-gnu/13.3.0/include/c++/backward"
ignoring duplicate directory "/home/frankgon/miniforge3/envs/ros_env/bin/../lib/gcc/../../lib/gcc/x86_64-conda-linux-gnu/13.3.0/include"
ignoring nonexistent directory "/home/frankgon/miniforge3/envs/ros_env/bin/../x86_64-conda-linux-gnu/sysroot/usr/local/include"
ignoring duplicate directory "/home/frankgon/miniforge3/envs/ros_env/bin/../lib/gcc/../../lib/gcc/x86_64-conda-linux-gnu/13.3.0/include-fixed"
ignoring nonexistent directory "/home/frankgon/miniforge3/envs/ros_env/bin/../lib/gcc/../../lib/gcc/x86_64-conda-linux-gnu/13.3.0/../../../../x86_64-conda-linux-gnu/include"
#include "..." search starts here:
#include <...> search starts here:
 /home/frankgon/miniforge3/envs/ros_env/include
 /home/frankgon/miniforge3/envs/ros_env/bin/../lib/gcc/x86_64-conda-linux-gnu/13.3.0/include/c++
 /home/frankgon/miniforge3/envs/ros_env/bin/../lib/gcc/x86_64-conda-linux-gnu/13.3.0/include/c++/x86_64-conda-linux-gnu
 /home/frankgon/miniforge3/envs/ros_env/bin/../lib/gcc/x86_64-conda-linux-gnu/13.3.0/include/c++/backward
 /home/frankgon/miniforge3/envs/ros_env/bin/../lib/gcc/x86_64-conda-linux-gnu/13.3.0/include
 /home/frankgon/miniforge3/envs/ros_env/bin/../lib/gcc/x86_64-conda-linux-gnu/13.3.0/include-fixed
 /home/frankgon/miniforge3/envs/ros_env/bin/../x86_64-conda-linux-gnu/sysroot/usr/include
End of search list.
Compiler executable checksum: 039015ee0a9e66f9e392e0a654f3b067
COMPILER_PATH=/home/frankgon/miniforge3/envs/ros_env/bin/../libexec/gcc/x86_64-conda-linux-gnu/13.3.0/:/home/frankgon/miniforge3/envs/ros_env/bin/../libexec/gcc/:/home/frankgon/miniforge3/envs/ros_env/bin/../lib/gcc/x86_64-conda-linux-gnu/13.3.0/../../../../x86_64-conda-linux-gnu/bin/
LIBRARY_PATH=/home/frankgon/miniforge3/envs/ros_env/bin/../lib/gcc/x86_64-conda-linux-gnu/13.3.0/:/home/frankgon/miniforge3/envs/ros_env/bin/../lib/gcc/:/home/frankgon/miniforge3/envs/ros_env/bin/../lib/gcc/x86_64-conda-linux-gnu/13.3.0/../../../../x86_64-conda-linux-gnu/lib/../lib/:/home/frankgon/miniforge3/envs/ros_env/bin/../lib/gcc/x86_64-conda-linux-gnu/13.3.0/../../../../lib/:/home/frankgon/miniforge3/envs/ros_env/bin/../x86_64-conda-linux-gnu/sysroot/lib/../lib/:/home/frankgon/miniforge3/envs/ros_env/bin/../x86_64-conda-linux-gnu/sysroot/usr/lib/../lib/:/home/frankgon/miniforge3/envs/ros_env/bin/../lib/gcc/x86_64-conda-linux-gnu/13.3.0/../../../../x86_64-conda-linux-gnu/lib/:/home/frankgon/miniforge3/envs/ros_env/bin/../lib/gcc/x86_64-conda-linux-gnu/13.3.0/../../../:/home/frankgon/miniforge3/envs/ros_env/bin/../x86_64-conda-linux-gnu/sysroot/lib/:/home/frankgon/miniforge3/envs/ros_env/bin/../x86_64-conda-linux-gnu/sysroot/usr/lib/
COLLECT_GCC_OPTIONS='-fvisibility-inlines-hidden' '-fmessage-length=0' '-march=nocona' '-mtune=haswell' '-ftree-vectorize' '-fPIC' '-fstack-protector-strong' '-fno-plt' '-O2' '-ffunction-sections' '-pipe' '-isystem' '/home/frankgon/miniforge3/envs/ros_env/include' '-fopenmp' '-v' '-std=gnu++17' '-o' 'CMakeFiles/cmTC_bed4f.dir/OpenMPTryFlag.cpp.o' '-c' '-shared-libgcc' '-pthread' '-dumpdir' 'CMakeFiles/cmTC_bed4f.dir/OpenMPTryFlag.cpp.'
[2/2] : && /home/frankgon/miniforge3/envs/ros_env/bin/g++ -fvisibility-inlines-hidden -fmessage-length=0 -march=nocona -mtune=haswell -ftree-vectorize -fPIC -fstack-protector-strong -fno-plt -O2 -ffunction-sections -pipe -isystem /home/frankgon/miniforge3/envs/ros_env/include -fopenmp -v -Wl,-O2 -Wl,--sort-common -Wl,--as-needed -Wl,-z,relro -Wl,-z,now -Wl,--disable-new-dtags -Wl,--gc-sections -Wl,--allow-shlib-undefined -Wl,-rpath,/home/frankgon/miniforge3/envs/ros_env/lib -Wl,-rpath-link,/home/frankgon/miniforge3/envs/ros_env/lib -L/home/frankgon/miniforge3/envs/ros_env/lib CMakeFiles/cmTC_bed4f.dir/OpenMPTryFlag.cpp.o -o cmTC_bed4f  -v && :
Reading specs from /home/frankgon/miniforge3/envs/ros_env/bin/../lib/gcc/x86_64-conda-linux-gnu/13.3.0/specs
could not find specs file conda.specs
COLLECT_GCC=/home/frankgon/miniforge3/envs/ros_env/bin/g++
COLLECT_LTO_WRAPPER=/home/frankgon/miniforge3/envs/ros_env/bin/../libexec/gcc/x86_64-conda-linux-gnu/13.3.0/lto-wrapper
Target: x86_64-conda-linux-gnu
Configured with: ../configure --prefix=/home/conda/feedstock_root/build_artifacts/gcc_compilers_1724798720716/_h_env_placehold_placehold_placehold_placehold_placehold_placehold_placehold_placehold_placehold_placehold_placehold_placehold_placehold_placehold_placehold_placehold_placehold_placeho --with-slibdir=/home/conda/feedstock_root/build_artifacts/gcc_compilers_1724798720716/_h_env_placehold_placehold_placehold_placehold_placehold_placehold_placehold_placehold_placehold_placehold_placehold_placehold_placehold_placehold_placehold_placehold_placehold_placeho/lib --libdir=/home/conda/feedstock_root/build_artifacts/gcc_compilers_1724798720716/_h_env_placehold_placehold_placehold_placehold_placehold_placehold_placehold_placehold_placehold_placehold_placehold_placehold_placehold_placehold_placehold_placehold_placehold_placeho/lib --mandir=/home/conda/feedstock_root/build_artifacts/gcc_compilers_1724798720716/_h_env_placehold_placehold_placehold_placehold_placehold_placehold_placehold_placehold_placehold_placehold_placehold_placehold_placehold_placehold_placehold_placehold_placehold_placeho/man --build=x86_64-conda-linux-gnu --host=x86_64-conda-linux-gnu --target=x86_64-conda-linux-gnu --enable-languages=c,c++,fortran,objc,obj-c++ --enable-__cxa_atexit --disable-libmudflap --enable-libgomp --disable-libssp --enable-libquadmath --enable-libquadmath-support --enable-lto --enable-target-optspace --enable-plugin --enable-gold --disable-nls --disable-bootstrap --disable-multilib --enable-long-long --with-sysroot=/home/conda/feedstock_root/build_artifacts/gcc_compilers_1724798720716/_h_env_placehold_placehold_placehold_placehold_placehold_placehold_placehold_placehold_placehold_placehold_placehold_placehold_placehold_placehold_placehold_placehold_placehold_placeho/x86_64-conda-linux-gnu/sysroot --with-build-sysroot=/home/conda/feedstock_root/build_artifacts/gcc_compilers_1724798720716/work/cf-compilers/x86_64-conda-linux-gnu/sysroot --with-native-system-header-dir=/usr/include --with-gxx-include-dir=/home/conda/feedstock_root/build_artifacts/gcc_compilers_1724798720716/_h_env_placehold_placehold_placehold_placehold_placehold_placehold_placehold_placehold_placehold_placehold_placehold_placehold_placehold_placehold_placehold_placehold_placehold_placeho/lib/gcc/x86_64-conda-linux-gnu/13.3.0/include/c++ --with-pkgversion='conda-forge gcc 13.3.0-1' --with-bugurl=https://github.com/conda-forge/ctng-compilers-feedstock/issues/new/choose --enable-libsanitizer --enable-default-pie --enable-threads=posix
Thread model: posix
Supported LTO compression algorithms: zlib
gcc version 13.3.0 (conda-forge gcc 13.3.0-1) 
COMPILER_PATH=/home/frankgon/miniforge3/envs/ros_env/bin/../libexec/gcc/x86_64-conda-linux-gnu/13.3.0/:/home/frankgon/miniforge3/envs/ros_env/bin/../libexec/gcc/:/home/frankgon/miniforge3/envs/ros_env/bin/../lib/gcc/x86_64-conda-linux-gnu/13.3.0/../../../../x86_64-conda-linux-gnu/bin/
LIBRARY_PATH=/home/frankgon/miniforge3/envs/ros_env/bin/../lib/gcc/x86_64-conda-linux-gnu/13.3.0/:/home/frankgon/miniforge3/envs/ros_env/bin/../lib/gcc/:/home/frankgon/miniforge3/envs/ros_env/bin/../lib/gcc/x86_64-conda-linux-gnu/13.3.0/../../../../x86_64-conda-linux-gnu/lib/../lib/:/home/frankgon/miniforge3/envs/ros_env/bin/../lib/gcc/x86_64-conda-linux-gnu/13.3.0/../../../../lib/:/home/frankgon/miniforge3/envs/ros_env/bin/../x86_64-conda-linux-gnu/sysroot/lib/../lib/:/home/frankgon/miniforge3/envs/ros_env/bin/../x86_64-conda-linux-gnu/sysroot/usr/lib/../lib/:/home/frankgon/miniforge3/envs/ros_env/bin/../lib/gcc/x86_64-conda-linux-gnu/13.3.0/../../../../x86_64-conda-linux-gnu/lib/:/home/frankgon/miniforge3/envs/ros_env/bin/../lib/gcc/x86_64-conda-linux-gnu/13.3.0/../../../:/home/frankgon/miniforge3/envs/ros_env/bin/../x86_64-conda-linux-gnu/sysroot/lib/:/home/frankgon/miniforge3/envs/ros_env/bin/../x86_64-conda-linux-gnu/sysroot/usr/lib/
Reading specs from /home/frankgon/miniforge3/envs/ros_env/bin/../lib/gcc/x86_64-conda-linux-gnu/13.3.0/../../../../x86_64-conda-linux-gnu/lib/../lib/libgomp.spec
COLLECT_GCC_OPTIONS='-fvisibility-inlines-hidden' '-fmessage-length=0' '-march=nocona' '-mtune=haswell' '-ftree-vectorize' '-fPIC' '-fstack-protector-strong' '-fno-plt' '-O2' '-ffunction-sections' '-pipe' '-isystem' '/home/frankgon/miniforge3/envs/ros_env/include' '-fopenmp' '-v' '-L/home/frankgon/miniforge3/envs/ros_env/lib' '-o' 'cmTC_bed4f' '-v' '-shared-libgcc' '-pthread' '-dumpdir' 'cmTC_bed4f.'
 /home/frankgon/miniforge3/envs/ros_env/bin/../libexec/gcc/x86_64-conda-linux-gnu/13.3.0/collect2 -plugin /home/frankgon/miniforge3/envs/ros_env/bin/../libexec/gcc/x86_64-conda-linux-gnu/13.3.0/liblto_plugin.so -plugin-opt=/home/frankgon/miniforge3/envs/ros_env/bin/../libexec/gcc/x86_64-conda-linux-gnu/13.3.0/lto-wrapper -plugin-opt=-fresolution=/tmp/cc4Q3zCx.res -plugin-opt=-pass-through=-lgcc_s -plugin-opt=-pass-through=-lgcc -plugin-opt=-pass-through=-lpthread -plugin-opt=-pass-through=-lc -plugin-opt=-pass-through=-lgcc_s -plugin-opt=-pass-through=-lgcc --sysroot=/home/frankgon/miniforge3/envs/ros_env/bin/../x86_64-conda-linux-gnu/sysroot --eh-frame-hdr -m elf_x86_64 -dynamic-linker /lib64/ld-linux-x86-64.so.2 -pie -o cmTC_bed4f /home/frankgon/miniforge3/envs/ros_env/bin/../x86_64-conda-linux-gnu/sysroot/usr/lib/../lib/Scrt1.o /home/frankgon/miniforge3/envs/ros_env/bin/../x86_64-conda-linux-gnu/sysroot/usr/lib/../lib/crti.o /home/frankgon/miniforge3/envs/ros_env/bin/../lib/gcc/x86_64-conda-linux-gnu/13.3.0/crtbeginS.o -L/home/frankgon/miniforge3/envs/ros_env/lib -L/home/frankgon/miniforge3/envs/ros_env/bin/../lib/gcc/x86_64-conda-linux-gnu/13.3.0 -L/home/frankgon/miniforge3/envs/ros_env/bin/../lib/gcc -L/home/frankgon/miniforge3/envs/ros_env/bin/../lib/gcc/x86_64-conda-linux-gnu/13.3.0/../../../../x86_64-conda-linux-gnu/lib/../lib -L/home/frankgon/miniforge3/envs/ros_env/bin/../lib/gcc/x86_64-conda-linux-gnu/13.3.0/../../../../lib -L/home/frankgon/miniforge3/envs/ros_env/bin/../x86_64-conda-linux-gnu/sysroot/lib/../lib -L/home/frankgon/miniforge3/envs/ros_env/bin/../x86_64-conda-linux-gnu/sysroot/usr/lib/../lib -L/home/frankgon/miniforge3/envs/ros_env/bin/../lib/gcc/x86_64-conda-linux-gnu/13.3.0/../../../../x86_64-conda-linux-gnu/lib -L/home/frankgon/miniforge3/envs/ros_env/bin/../lib/gcc/x86_64-conda-linux-gnu/13.3.0/../../.. -L/home/frankgon/miniforge3/envs/ros_env/bin/../x86_64-conda-linux-gnu/sysroot/lib -L/home/frankgon/miniforge3/envs/ros_env/bin/../x86_64-conda-linux-gnu/sysroot/usr/lib -O2 --sort-common --as-needed -z relro -z now --disable-new-dtags --gc-sections --allow-shlib-undefined -rpath /home/frankgon/miniforge3/envs/ros_env/lib -rpath-link /home/frankgon/miniforge3/envs/ros_env/lib CMakeFiles/cmTC_bed4f.dir/OpenMPTryFlag.cpp.o -lstdc++ -lm -lgomp -lgcc_s -lgcc -lpthread -lc -lgcc_s -lgcc /home/frankgon/miniforge3/envs/ros_env/bin/../lib/gcc/x86_64-conda-linux-gnu/13.3.0/crtendS.o /home/frankgon/miniforge3/envs/ros_env/bin/../x86_64-conda-linux-gnu/sysroot/usr/lib/../lib/crtn.o -rpath /home/frankgon/miniforge3/envs/ros_env/lib
COLLECT_GCC_OPTIONS='-fvisibility-inlines-hidden' '-fmessage-length=0' '-march=nocona' '-mtune=haswell' '-ftree-vectorize' '-fPIC' '-fstack-protector-strong' '-fno-plt' '-O2' '-ffunction-sections' '-pipe' '-isystem' '/home/frankgon/miniforge3/envs/ros_env/include' '-fopenmp' '-v' '-L/home/frankgon/miniforge3/envs/ros_env/lib' '-o' 'cmTC_bed4f' '-v' '-shared-libgcc' '-pthread' '-dumpdir' 'cmTC_bed4f.'



Parsed CXX OpenMP implicit link information from above output:
  link line regex: [^( *|.*[/\])(ld[0-9]*(\.[a-z]+)?|CMAKE_LINK_STARTFILE-NOTFOUND|([^/\]+-)?ld|collect2)[^/\]*( |$)]
  ignore line: [Change Dir: '/home/frankgon/ros2_ws/src/groundgrid/build/CMakeFiles/CMakeTmp']
  ignore line: []
  ignore line: [Run Build Command(s): /home/frankgon/miniforge3/envs/ros_env/bin/ninja -v cmTC_bed4f]
  ignore line: [[1/2] /home/frankgon/miniforge3/envs/ros_env/bin/g++   -fvisibility-inlines-hidden -fmessage-length=0 -march=nocona -mtune=haswell -ftree-vectorize -fPIC -fstack-protector-strong -fno-plt -O2 -ffunction-sections -pipe -isystem /home/frankgon/miniforge3/envs/ros_env/include -fopenmp -v -std=gnu++17 -o CMakeFiles/cmTC_bed4f.dir/OpenMPTryFlag.cpp.o -c /home/frankgon/ros2_ws/src/groundgrid/build/CMakeFiles/FindOpenMP/OpenMPTryFlag.cpp]
  ignore line: [Reading specs from /home/frankgon/miniforge3/envs/ros_env/bin/../lib/gcc/x86_64-conda-linux-gnu/13.3.0/specs]
  ignore line: [could not find specs file conda.specs]
  ignore line: [COLLECT_GCC=/home/frankgon/miniforge3/envs/ros_env/bin/g++]
  ignore line: [Target: x86_64-conda-linux-gnu]
  ignore line: [Configured with: ../configure --prefix=/home/conda/feedstock_root/build_artifacts/gcc_compilers_1724798720716/_h_env_placehold_placehold_placehold_placehold_placehold_placehold_placehold_placehold_placehold_placehold_placehold_placehold_placehold_placehold_placehold_placehold_placehold_placeho --with-slibdir=/home/conda/feedstock_root/build_artifacts/gcc_compilers_1724798720716/_h_env_placehold_placehold_placehold_placehold_placehold_placehold_placehold_placehold_placehold_placehold_placehold_placehold_placehold_placehold_placehold_placehold_placehold_placeho/lib --libdir=/home/conda/feedstock_root/build_artifacts/gcc_compilers_1724798720716/_h_env_placehold_placehold_placehold_placehold_placehold_placehold_placehold_placehold_placehold_placehold_placehold_placehold_placehold_placehold_placehold_placehold_placehold_placeho/lib --mandir=/home/conda/feedstock_root/build_artifacts/gcc_compilers_1724798720716/_h_env_placehold_placehold_placehold_placehold_placehold_placehold_placehold_placehold_placehold_placehold_placehold_placehold_placehold_placehold_placehold_placehold_placehold_placeho/man --build=x86_64-conda-linux-gnu --host=x86_64-conda-linux-gnu --target=x86_64-conda-linux-gnu --enable-languages=c c++ fortran objc obj-c++ --enable-__cxa_atexit --disable-libmudflap --enable-libgomp --disable-libssp --enable-libquadmath --enable-libquadmath-support --enable-lto --enable-target-optspace --enable-plugin --enable-gold --disable-nls --disable-bootstrap --disable-multilib --enable-long-long --with-sysroot=/home/conda/feedstock_root/build_artifacts/gcc_compilers_1724798720716/_h_env_placehold_placehold_placehold_placehold_placehold_placehold_placehold_placehold_placehold_placehold_placehold_placehold_placehold_placehold_placehold_placehold_placehold_placeho/x86_64-conda-linux-gnu/sysroot --with-build-sysroot=/home/conda/feedstock_root/build_artifacts/gcc_compilers_1724798720716/work/cf-compilers/x86_64-conda-linux-gnu/sysroot --with-native-system-header-dir=/usr/include --with-gxx-include-dir=/home/conda/feedstock_root/build_artifacts/gcc_compilers_1724798720716/_h_env_placehold_placehold_placehold_placehold_placehold_placehold_placehold_placehold_placehold_placehold_placehold_placehold_placehold_placehold_placehold_placehold_placehold_placeho/lib/gcc/x86_64-conda-linux-gnu/13.3.0/include/c++ --with-pkgversion='conda-forge gcc 13.3.0-1' --with-bugurl=https://github.com/conda-forge/ctng-compilers-feedstock/issues/new/choose --enable-libsanitizer --enable-default-pie --enable-threads=posix]
  ignore line: [Thread model: posix]
  ignore line: [Supported LTO compression algorithms: zlib]
  ignore line: [gcc version 13.3.0 (conda-forge gcc 13.3.0-1) ]
  ignore line: [COLLECT_GCC_OPTIONS='-fvisibility-inlines-hidden' '-fmessage-length=0' '-march=nocona' '-mtune=haswell' '-ftree-vectorize' '-fPIC' '-fstack-protector-strong' '-fno-plt' '-O2' '-ffunction-sections' '-pipe' '-isystem' '/home/frankgon/miniforge3/envs/ros_env/include' '-fopenmp' '-v' '-std=gnu++17' '-o' 'CMakeFiles/cmTC_bed4f.dir/OpenMPTryFlag.cpp.o' '-c' '-shared-libgcc' '-pthread' '-dumpdir' 'CMakeFiles/cmTC_bed4f.dir/']
  ignore line: [ /home/frankgon/miniforge3/envs/ros_env/bin/../libexec/gcc/x86_64-conda-linux-gnu/13.3.0/cc1plus -quiet -v -iprefix /home/frankgon/miniforge3/envs/ros_env/bin/../lib/gcc/x86_64-conda-linux-gnu/13.3.0/ -isysroot /home/frankgon/miniforge3/envs/ros_env/bin/../x86_64-conda-linux-gnu/sysroot -D_GNU_SOURCE -D_REENTRANT -isystem /home/frankgon/miniforge3/envs/ros_env/include /home/frankgon/ros2_ws/src/groundgrid/build/CMakeFiles/FindOpenMP/OpenMPTryFlag.cpp -quiet -dumpdir CMakeFiles/cmTC_bed4f.dir/ -dumpbase OpenMPTryFlag.cpp.cpp -dumpbase-ext .cpp -march=nocona -mtune=haswell -O2 -std=gnu++17 -version -fvisibility-inlines-hidden -fmessage-length=0 -ftree-vectorize -fPIC -fstack-protector-strong -fno-plt -ffunction-sections -fopenmp -o - |]
  ignore line: [ /home/frankgon/miniforge3/envs/ros_env/bin/../lib/gcc/x86_64-conda-linux-gnu/13.3.0/../../../../x86_64-conda-linux-gnu/bin/as -v --64 -o CMakeFiles/cmTC_bed4f.dir/OpenMPTryFlag.cpp.o]
  ignore line: [GNU assembler version 2.43 (x86_64-conda-linux-gnu) using BFD version (GNU Binutils) 2.43]
  ignore line: [GNU C++17 (conda-forge gcc 13.3.0-1) version 13.3.0 (x86_64-conda-linux-gnu)]
  ignore line: [	compiled by GNU C version 14.1.0  GMP version 6.2.1  MPFR version 4.1.0  MPC version 1.2.1  isl version isl-0.24-GMP]
  ignore line: []
  ignore line: [GGC heuristics: --param ggc-min-expand=100 --param ggc-min-heapsize=131072]
  ignore line: [ignoring nonexistent directory "/home/frankgon/miniforge3/envs/ros_env/bin/../lib/gcc/x86_64-conda-linux-gnu/13.3.0/../../../../x86_64-conda-linux-gnu/include"]
  ignore line: [ignoring duplicate directory "/home/frankgon/miniforge3/envs/ros_env/bin/../lib/gcc/../../lib/gcc/x86_64-conda-linux-gnu/13.3.0/include/c++"]
  ignore line: [ignoring duplicate directory "/home/frankgon/miniforge3/envs/ros_env/bin/../lib/gcc/../../lib/gcc/x86_64-conda-linux-gnu/13.3.0/include/c++/x86_64-conda-linux-gnu"]
  ignore line: [ignoring duplicate directory "/home/frankgon/miniforge3/envs/ros_env/bin/../lib/gcc/../../lib/gcc/x86_64-conda-linux-gnu/13.3.0/include/c++/backward"]
  ignore line: [ignoring duplicate directory "/home/frankgon/miniforge3/envs/ros_env/bin/../lib/gcc/../../lib/gcc/x86_64-conda-linux-gnu/13.3.0/include"]
  ignore line: [ignoring nonexistent directory "/home/frankgon/miniforge3/envs/ros_env/bin/../x86_64-conda-linux-gnu/sysroot/usr/local/include"]
  ignore line: [ignoring duplicate directory "/home/frankgon/miniforge3/envs/ros_env/bin/../lib/gcc/../../lib/gcc/x86_64-conda-linux-gnu/13.3.0/include-fixed"]
  ignore line: [ignoring nonexistent directory "/home/frankgon/miniforge3/envs/ros_env/bin/../lib/gcc/../../lib/gcc/x86_64-conda-linux-gnu/13.3.0/../../../../x86_64-conda-linux-gnu/include"]
  ignore line: [#include "..." search starts here:]
  ignore line: [#include <...> search starts here:]
  ignore line: [ /home/frankgon/miniforge3/envs/ros_env/include]
  ignore line: [ /home/frankgon/miniforge3/envs/ros_env/bin/../lib/gcc/x86_64-conda-linux-gnu/13.3.0/include/c++]
  ignore line: [ /home/frankgon/miniforge3/envs/ros_env/bin/../lib/gcc/x86_64-conda-linux-gnu/13.3.0/include/c++/x86_64-conda-linux-gnu]
  ignore line: [ /home/frankgon/miniforge3/envs/ros_env/bin/../lib/gcc/x86_64-conda-linux-gnu/13.3.0/include/c++/backward]
  ignore line: [ /home/frankgon/miniforge3/envs/ros_env/bin/../lib/gcc/x86_64-conda-linux-gnu/13.3.0/include]
  ignore line: [ /home/frankgon/miniforge3/envs/ros_env/bin/../lib/gcc/x86_64-conda-linux-gnu/13.3.0/include-fixed]
  ignore line: [ /home/frankgon/miniforge3/envs/ros_env/bin/../x86_64-conda-linux-gnu/sysroot/usr/include]
  ignore line: [End of search list.]
  ignore line: [Compiler executable checksum: 039015ee0a9e66f9e392e0a654f3b067]
  ignore line: [COMPILER_PATH=/home/frankgon/miniforge3/envs/ros_env/bin/../libexec/gcc/x86_64-conda-linux-gnu/13.3.0/:/home/frankgon/miniforge3/envs/ros_env/bin/../libexec/gcc/:/home/frankgon/miniforge3/envs/ros_env/bin/../lib/gcc/x86_64-conda-linux-gnu/13.3.0/../../../../x86_64-conda-linux-gnu/bin/]
  ignore line: [LIBRARY_PATH=/home/frankgon/miniforge3/envs/ros_env/bin/../lib/gcc/x86_64-conda-linux-gnu/13.3.0/:/home/frankgon/miniforge3/envs/ros_env/bin/../lib/gcc/:/home/frankgon/miniforge3/envs/ros_env/bin/../lib/gcc/x86_64-conda-linux-gnu/13.3.0/../../../../x86_64-conda-linux-gnu/lib/../lib/:/home/frankgon/miniforge3/envs/ros_env/bin/../lib/gcc/x86_64-conda-linux-gnu/13.3.0/../../../../lib/:/home/frankgon/miniforge3/envs/ros_env/bin/../x86_64-conda-linux-gnu/sysroot/lib/../lib/:/home/frankgon/miniforge3/envs/ros_env/bin/../x86_64-conda-linux-gnu/sysroot/usr/lib/../lib/:/home/frankgon/miniforge3/envs/ros_env/bin/../lib/gcc/x86_64-conda-linux-gnu/13.3.0/../../../../x86_64-conda-linux-gnu/lib/:/home/frankgon/miniforge3/envs/ros_env/bin/../lib/gcc/x86_64-conda-linux-gnu/13.3.0/../../../:/home/frankgon/miniforge3/envs/ros_env/bin/../x86_64-conda-linux-gnu/sysroot/lib/:/home/frankgon/miniforge3/envs/ros_env/bin/../x86_64-conda-linux-gnu/sysroot/usr/lib/]
  ignore line: [COLLECT_GCC_OPTIONS='-fvisibility-inlines-hidden' '-fmessage-length=0' '-march=nocona' '-mtune=haswell' '-ftree-vectorize' '-fPIC' '-fstack-protector-strong' '-fno-plt' '-O2' '-ffunction-sections' '-pipe' '-isystem' '/home/frankgon/miniforge3/envs/ros_env/include' '-fopenmp' '-v' '-std=gnu++17' '-o' 'CMakeFiles/cmTC_bed4f.dir/OpenMPTryFlag.cpp.o' '-c' '-shared-libgcc' '-pthread' '-dumpdir' 'CMakeFiles/cmTC_bed4f.dir/OpenMPTryFlag.cpp.']
  ignore line: [[2/2] : && /home/frankgon/miniforge3/envs/ros_env/bin/g++ -fvisibility-inlines-hidden -fmessage-length=0 -march=nocona -mtune=haswell -ftree-vectorize -fPIC -fstack-protector-strong -fno-plt -O2 -ffunction-sections -pipe -isystem /home/frankgon/miniforge3/envs/ros_env/include -fopenmp -v -Wl -O2 -Wl --sort-common -Wl --as-needed -Wl -z relro -Wl -z now -Wl --disable-new-dtags -Wl --gc-sections -Wl --allow-shlib-undefined -Wl -rpath /home/frankgon/miniforge3/envs/ros_env/lib -Wl -rpath-link /home/frankgon/miniforge3/envs/ros_env/lib -L/home/frankgon/miniforge3/envs/ros_env/lib CMakeFiles/cmTC_bed4f.dir/OpenMPTryFlag.cpp.o -o cmTC_bed4f  -v && :]
  ignore line: [Reading specs from /home/frankgon/miniforge3/envs/ros_env/bin/../lib/gcc/x86_64-conda-linux-gnu/13.3.0/specs]
  ignore line: [could not find specs file conda.specs]
  ignore line: [COLLECT_GCC=/home/frankgon/miniforge3/envs/ros_env/bin/g++]
  ignore line: [COLLECT_LTO_WRAPPER=/home/frankgon/miniforge3/envs/ros_env/bin/../libexec/gcc/x86_64-conda-linux-gnu/13.3.0/lto-wrapper]
  ignore line: [Target: x86_64-conda-linux-gnu]
  ignore line: [Configured with: ../configure --prefix=/home/conda/feedstock_root/build_artifacts/gcc_compilers_1724798720716/_h_env_placehold_placehold_placehold_placehold_placehold_placehold_placehold_placehold_placehold_placehold_placehold_placehold_placehold_placehold_placehold_placehold_placehold_placeho --with-slibdir=/home/conda/feedstock_root/build_artifacts/gcc_compilers_1724798720716/_h_env_placehold_placehold_placehold_placehold_placehold_placehold_placehold_placehold_placehold_placehold_placehold_placehold_placehold_placehold_placehold_placehold_placehold_placeho/lib --libdir=/home/conda/feedstock_root/build_artifacts/gcc_compilers_1724798720716/_h_env_placehold_placehold_placehold_placehold_placehold_placehold_placehold_placehold_placehold_placehold_placehold_placehold_placehold_placehold_placehold_placehold_placehold_placeho/lib --mandir=/home/conda/feedstock_root/build_artifacts/gcc_compilers_1724798720716/_h_env_placehold_placehold_placehold_placehold_placehold_placehold_placehold_placehold_placehold_placehold_placehold_placehold_placehold_placehold_placehold_placehold_placehold_placeho/man --build=x86_64-conda-linux-gnu --host=x86_64-conda-linux-gnu --target=x86_64-conda-linux-gnu --enable-languages=c c++ fortran objc obj-c++ --enable-__cxa_atexit --disable-libmudflap --enable-libgomp --disable-libssp --enable-libquadmath --enable-libquadmath-support --enable-lto --enable-target-optspace --enable-plugin --enable-gold --disable-nls --disable-bootstrap --disable-multilib --enable-long-long --with-sysroot=/home/conda/feedstock_root/build_artifacts/gcc_compilers_1724798720716/_h_env_placehold_placehold_placehold_placehold_placehold_placehold_placehold_placehold_placehold_placehold_placehold_placehold_placehold_placehold_placehold_placehold_placehold_placeho/x86_64-conda-linux-gnu/sysroot --with-build-sysroot=/home/conda/feedstock_root/build_artifacts/gcc_compilers_1724798720716/work/cf-compilers/x86_64-conda-linux-gnu/sysroot --with-native-system-header-dir=/usr/include --with-gxx-include-dir=/home/conda/feedstock_root/build_artifacts/gcc_compilers_1724798720716/_h_env_placehold_placehold_placehold_placehold_placehold_placehold_placehold_placehold_placehold_placehold_placehold_placehold_placehold_placehold_placehold_placehold_placehold_placeho/lib/gcc/x86_64-conda-linux-gnu/13.3.0/include/c++ --with-pkgversion='conda-forge gcc 13.3.0-1' --with-bugurl=https://github.com/conda-forge/ctng-compilers-feedstock/issues/new/choose --enable-libsanitizer --enable-default-pie --enable-threads=posix]
  ignore line: [Thread model: posix]
  ignore line: [Supported LTO compression algorithms: zlib]
  ignore line: [gcc version 13.3.0 (conda-forge gcc 13.3.0-1) ]
  ignore line: [COMPILER_PATH=/home/frankgon/miniforge3/envs/ros_env/bin/../libexec/gcc/x86_64-conda-linux-gnu/13.3.0/:/home/frankgon/miniforge3/envs/ros_env/bin/../libexec/gcc/:/home/frankgon/miniforge3/envs/ros_env/bin/../lib/gcc/x86_64-conda-linux-gnu/13.3.0/../../../../x86_64-conda-linux-gnu/bin/]
  ignore line: [LIBRARY_PATH=/home/frankgon/miniforge3/envs/ros_env/bin/../lib/gcc/x86_64-conda-linux-gnu/13.3.0/:/home/frankgon/miniforge3/envs/ros_env/bin/../lib/gcc/:/home/frankgon/miniforge3/envs/ros_env/bin/../lib/gcc/x86_64-conda-linux-gnu/13.3.0/../../../../x86_64-conda-linux-gnu/lib/../lib/:/home/frankgon/miniforge3/envs/ros_env/bin/../lib/gcc/x86_64-conda-linux-gnu/13.3.0/../../../../lib/:/home/frankgon/miniforge3/envs/ros_env/bin/../x86_64-conda-linux-gnu/sysroot/lib/../lib/:/home/frankgon/miniforge3/envs/ros_env/bin/../x86_64-conda-linux-gnu/sysroot/usr/lib/../lib/:/home/frankgon/miniforge3/envs/ros_env/bin/../lib/gcc/x86_64-conda-linux-gnu/13.3.0/../../../../x86_64-conda-linux-gnu/lib/:/home/frankgon/miniforge3/envs/ros_env/bin/../lib/gcc/x86_64-conda-linux-gnu/13.3.0/../../../:/home/frankgon/miniforge3/envs/ros_env/bin/../x86_64-conda-linux-gnu/sysroot/lib/:/home/frankgon/miniforge3/envs/ros_env/bin/../x86_64-conda-linux-gnu/sysroot/usr/lib/]
  ignore line: [Reading specs from /home/frankgon/miniforge3/envs/ros_env/bin/../lib/gcc/x86_64-conda-linux-gnu/13.3.0/../../../../x86_64-conda-linux-gnu/lib/../lib/libgomp.spec]
  ignore line: [COLLECT_GCC_OPTIONS='-fvisibility-inlines-hidden' '-fmessage-length=0' '-march=nocona' '-mtune=haswell' '-ftree-vectorize' '-fPIC' '-fstack-protector-strong' '-fno-plt' '-O2' '-ffunction-sections' '-pipe' '-isystem' '/home/frankgon/miniforge3/envs/ros_env/include' '-fopenmp' '-v' '-L/home/frankgon/miniforge3/envs/ros_env/lib' '-o' 'cmTC_bed4f' '-v' '-shared-libgcc' '-pthread' '-dumpdir' 'cmTC_bed4f.']
  link line: [ /home/frankgon/miniforge3/envs/ros_env/bin/../libexec/gcc/x86_64-conda-linux-gnu/13.3.0/collect2 -plugin /home/frankgon/miniforge3/envs/ros_env/bin/../libexec/gcc/x86_64-conda-linux-gnu/13.3.0/liblto_plugin.so -plugin-opt=/home/frankgon/miniforge3/envs/ros_env/bin/../libexec/gcc/x86_64-conda-linux-gnu/13.3.0/lto-wrapper -plugin-opt=-fresolution=/tmp/cc4Q3zCx.res -plugin-opt=-pass-through=-lgcc_s -plugin-opt=-pass-through=-lgcc -plugin-opt=-pass-through=-lpthread -plugin-opt=-pass-through=-lc -plugin-opt=-pass-through=-lgcc_s -plugin-opt=-pass-through=-lgcc --sysroot=/home/frankgon/miniforge3/envs/ros_env/bin/../x86_64-conda-linux-gnu/sysroot --eh-frame-hdr -m elf_x86_64 -dynamic-linker /lib64/ld-linux-x86-64.so.2 -pie -o cmTC_bed4f /home/frankgon/miniforge3/envs/ros_env/bin/../x86_64-conda-linux-gnu/sysroot/usr/lib/../lib/Scrt1.o /home/frankgon/miniforge3/envs/ros_env/bin/../x86_64-conda-linux-gnu/sysroot/usr/lib/../lib/crti.o /home/frankgon/miniforge3/envs/ros_env/bin/../lib/gcc/x86_64-conda-linux-gnu/13.3.0/crtbeginS.o -L/home/frankgon/miniforge3/envs/ros_env/lib -L/home/frankgon/miniforge3/envs/ros_env/bin/../lib/gcc/x86_64-conda-linux-gnu/13.3.0 -L/home/frankgon/miniforge3/envs/ros_env/bin/../lib/gcc -L/home/frankgon/miniforge3/envs/ros_env/bin/../lib/gcc/x86_64-conda-linux-gnu/13.3.0/../../../../x86_64-conda-linux-gnu/lib/../lib -L/home/frankgon/miniforge3/envs/ros_env/bin/../lib/gcc/x86_64-conda-linux-gnu/13.3.0/../../../../lib -L/home/frankgon/miniforge3/envs/ros_env/bin/../x86_64-conda-linux-gnu/sysroot/lib/../lib -L/home/frankgon/miniforge3/envs/ros_env/bin/../x86_64-conda-linux-gnu/sysroot/usr/lib/../lib -L/home/frankgon/miniforge3/envs/ros_env/bin/../lib/gcc/x86_64-conda-linux-gnu/13.3.0/../../../../x86_64-conda-linux-gnu/lib -L/home/frankgon/miniforge3/envs/ros_env/bin/../lib/gcc/x86_64-conda-linux-gnu/13.3.0/../../.. -L/home/frankgon/miniforge3/envs/ros_env/bin/../x86_64-conda-linux-gnu/sysroot/lib -L/home/frankgon/miniforge3/envs/ros_env/bin/../x86_64-conda-linux-gnu/sysroot/usr/lib -O2 --sort-common --as-needed -z relro -z now --disable-new-dtags --gc-sections --allow-shlib-undefined -rpath /home/frankgon/miniforge3/envs/ros_env/lib -rpath-link /home/frankgon/miniforge3/envs/ros_env/lib CMakeFiles/cmTC_bed4f.dir/OpenMPTryFlag.cpp.o -lstdc++ -lm -lgomp -lgcc_s -lgcc -lpthread -lc -lgcc_s -lgcc /home/frankgon/miniforge3/envs/ros_env/bin/../lib/gcc/x86_64-conda-linux-gnu/13.3.0/crtendS.o /home/frankgon/miniforge3/envs/ros_env/bin/../x86_64-conda-linux-gnu/sysroot/usr/lib/../lib/crtn.o -rpath /home/frankgon/miniforge3/envs/ros_env/lib]
    arg [/home/frankgon/miniforge3/envs/ros_env/bin/../libexec/gcc/x86_64-conda-linux-gnu/13.3.0/collect2] ==> ignore
    arg [-plugin] ==> ignore
    arg [/home/frankgon/miniforge3/envs/ros_env/bin/../libexec/gcc/x86_64-conda-linux-gnu/13.3.0/liblto_plugin.so] ==> ignore
    arg [-plugin-opt=/home/frankgon/miniforge3/envs/ros_env/bin/../libexec/gcc/x86_64-conda-linux-gnu/13.3.0/lto-wrapper] ==> ignore
    arg [-plugin-opt=-fresolution=/tmp/cc4Q3zCx.res] ==> ignore
    arg [-plugin-opt=-pass-through=-lgcc_s] ==> ignore
    arg [-plugin-opt=-pass-through=-lgcc] ==> ignore
    arg [-plugin-opt=-pass-through=-lpthread] ==> ignore
    arg [-plugin-opt=-pass-through=-lc] ==> ignore
    arg [-plugin-opt=-pass-through=-lgcc_s] ==> ignore
    arg [-plugin-opt=-pass-through=-lgcc] ==> ignore
    arg [--sysroot=/home/frankgon/miniforge3/envs/ros_env/bin/../x86_64-conda-linux-gnu/sysroot] ==> ignore
    arg [--eh-frame-hdr] ==> ignore
    arg [-m] ==> ignore
    arg [elf_x86_64] ==> ignore
    arg [-dynamic-linker] ==> ignore
    arg [/lib64/ld-linux-x86-64.so.2] ==> ignore
    arg [-pie] ==> ignore
    arg [-o] ==> ignore
    arg [cmTC_bed4f] ==> ignore
    arg [-L/home/frankgon/miniforge3/envs/ros_env/lib] ==> dir [/home/frankgon/miniforge3/envs/ros_env/lib]
    arg [-L/home/frankgon/miniforge3/envs/ros_env/bin/../lib/gcc/x86_64-conda-linux-gnu/13.3.0] ==> dir [/home/frankgon/miniforge3/envs/ros_env/bin/../lib/gcc/x86_64-conda-linux-gnu/13.3.0]
    arg [-L/home/frankgon/miniforge3/envs/ros_env/bin/../lib/gcc] ==> dir [/home/frankgon/miniforge3/envs/ros_env/bin/../lib/gcc]
    arg [-L/home/frankgon/miniforge3/envs/ros_env/bin/../lib/gcc/x86_64-conda-linux-gnu/13.3.0/../../../../x86_64-conda-linux-gnu/lib/../lib] ==> dir [/home/frankgon/miniforge3/envs/ros_env/bin/../lib/gcc/x86_64-conda-linux-gnu/13.3.0/../../../../x86_64-conda-linux-gnu/lib/../lib]
    arg [-L/home/frankgon/miniforge3/envs/ros_env/bin/../lib/gcc/x86_64-conda-linux-gnu/13.3.0/../../../../lib] ==> dir [/home/frankgon/miniforge3/envs/ros_env/bin/../lib/gcc/x86_64-conda-linux-gnu/13.3.0/../../../../lib]
    arg [-L/home/frankgon/miniforge3/envs/ros_env/bin/../x86_64-conda-linux-gnu/sysroot/lib/../lib] ==> dir [/home/frankgon/miniforge3/envs/ros_env/bin/../x86_64-conda-linux-gnu/sysroot/lib/../lib]
    arg [-L/home/frankgon/miniforge3/envs/ros_env/bin/../x86_64-conda-linux-gnu/sysroot/usr/lib/../lib] ==> dir [/home/frankgon/miniforge3/envs/ros_env/bin/../x86_64-conda-linux-gnu/sysroot/usr/lib/../lib]
    arg [-L/home/frankgon/miniforge3/envs/ros_env/bin/../lib/gcc/x86_64-conda-linux-gnu/13.3.0/../../../../x86_64-conda-linux-gnu/lib] ==> dir [/home/frankgon/miniforge3/envs/ros_env/bin/../lib/gcc/x86_64-conda-linux-gnu/13.3.0/../../../../x86_64-conda-linux-gnu/lib]
    arg [-L/home/frankgon/miniforge3/envs/ros_env/bin/../lib/gcc/x86_64-conda-linux-gnu/13.3.0/../../..] ==> dir [/home/frankgon/miniforge3/envs/ros_env/bin/../lib/gcc/x86_64-conda-linux-gnu/13.3.0/../../..]
    arg [-L/home/frankgon/miniforge3/envs/ros_env/bin/../x86_64-conda-linux-gnu/sysroot/lib] ==> dir [/home/frankgon/miniforge3/envs/ros_env/bin/../x86_64-conda-linux-gnu/sysroot/lib]
    arg [-L/home/frankgon/miniforge3/envs/ros_env/bin/../x86_64-conda-linux-gnu/sysroot/usr/lib] ==> dir [/home/frankgon/miniforge3/envs/ros_env/bin/../x86_64-conda-linux-gnu/sysroot/usr/lib]
    arg [-O2] ==> ignore
    arg [--sort-common] ==> ignore
    arg [--as-needed] ==> ignore
    arg [-zrelro] ==> ignore
    arg [-znow] ==> ignore
    arg [--disable-new-dtags] ==> ignore
    arg [--gc-sections] ==> ignore
    arg [--allow-shlib-undefined] ==> ignore
    arg [-rpath] ==> ignore
    arg [/home/frankgon/miniforge3/envs/ros_env/lib] ==> ignore
    arg [-rpath-link] ==> ignore
    arg [/home/frankgon/miniforge3/envs/ros_env/lib] ==> ignore
    arg [CMakeFiles/cmTC_bed4f.dir/OpenMPTryFlag.cpp.o] ==> ignore
    arg [-lstdc++] ==> lib [stdc++]
    arg [-lm] ==> lib [m]
    arg [-lgomp] ==> lib [gomp]
    arg [-lgcc_s] ==> lib [gcc_s]
    arg [-lgcc] ==> lib [gcc]
    arg [-lpthread] ==> lib [pthread]
    arg [-lc] ==> lib [c]
    arg [-lgcc_s] ==> lib [gcc_s]
    arg [-lgcc] ==> lib [gcc]
    arg [-rpath] ==> ignore
    arg [/home/frankgon/miniforge3/envs/ros_env/lib] ==> ignore
  collapse library dir [/home/frankgon/miniforge3/envs/ros_env/lib] ==> [/home/frankgon/miniforge3/envs/ros_env/lib]
  collapse library dir [/home/frankgon/miniforge3/envs/ros_env/bin/../lib/gcc/x86_64-conda-linux-gnu/13.3.0] ==> [/home/frankgon/miniforge3/envs/ros_env/lib/gcc/x86_64-conda-linux-gnu/13.3.0]
  collapse library dir [/home/frankgon/miniforge3/envs/ros_env/bin/../lib/gcc] ==> [/home/frankgon/miniforge3/envs/ros_env/lib/gcc]
  collapse library dir [/home/frankgon/miniforge3/envs/ros_env/bin/../lib/gcc/x86_64-conda-linux-gnu/13.3.0/../../../../x86_64-conda-linux-gnu/lib/../lib] ==> [/home/frankgon/miniforge3/envs/ros_env/x86_64-conda-linux-gnu/lib]
  collapse library dir [/home/frankgon/miniforge3/envs/ros_env/bin/../lib/gcc/x86_64-conda-linux-gnu/13.3.0/../../../../lib] ==> [/home/frankgon/miniforge3/envs/ros_env/lib]
  collapse library dir [/home/frankgon/miniforge3/envs/ros_env/bin/../x86_64-conda-linux-gnu/sysroot/lib/../lib] ==> [/home/frankgon/miniforge3/envs/ros_env/x86_64-conda-linux-gnu/sysroot/lib]
  collapse library dir [/home/frankgon/miniforge3/envs/ros_env/bin/../x86_64-conda-linux-gnu/sysroot/usr/lib/../lib] ==> [/home/frankgon/miniforge3/envs/ros_env/x86_64-conda-linux-gnu/sysroot/usr/lib]
  collapse library dir [/home/frankgon/miniforge3/envs/ros_env/bin/../lib/gcc/x86_64-conda-linux-gnu/13.3.0/../../../../x86_64-conda-linux-gnu/lib] ==> [/home/frankgon/miniforge3/envs/ros_env/x86_64-conda-linux-gnu/lib]
  collapse library dir [/home/frankgon/miniforge3/envs/ros_env/bin/../lib/gcc/x86_64-conda-linux-gnu/13.3.0/../../..] ==> [/home/frankgon/miniforge3/envs/ros_env/lib]
  collapse library dir [/home/frankgon/miniforge3/envs/ros_env/bin/../x86_64-conda-linux-gnu/sysroot/lib] ==> [/home/frankgon/miniforge3/envs/ros_env/x86_64-conda-linux-gnu/sysroot/lib]
  collapse library dir [/home/frankgon/miniforge3/envs/ros_env/bin/../x86_64-conda-linux-gnu/sysroot/usr/lib] ==> [/home/frankgon/miniforge3/envs/ros_env/x86_64-conda-linux-gnu/sysroot/usr/lib]
  implicit libs: [stdc++;m;gomp;gcc_s;gcc;pthread;c;gcc_s;gcc]
  implicit objs: []
  implicit dirs: [/home/frankgon/miniforge3/envs/ros_env/lib;/home/frankgon/miniforge3/envs/ros_env/lib/gcc/x86_64-conda-linux-gnu/13.3.0;/home/frankgon/miniforge3/envs/ros_env/lib/gcc;/home/frankgon/miniforge3/envs/ros_env/x86_64-conda-linux-gnu/lib;/home/frankgon/miniforge3/envs/ros_env/x86_64-conda-linux-gnu/sysroot/lib;/home/frankgon/miniforge3/envs/ros_env/x86_64-conda-linux-gnu/sysroot/usr/lib]
  implicit fwks: []


